#
# There is insufficient memory for the Java Runtime Environment to continue.
# Native memory allocation (malloc) failed to allocate 98736 bytes for Chunk::new
# Possible reasons:
#   The system is out of physical RAM or swap space
#   The process is running with CompressedOops enabled, and the Java Heap may be blocking the growth of the native heap
# Possible solutions:
#   Reduce memory load on the system
#   Increase physical memory or swap space
#   Check if swap backing store is full
#   Decrease Java heap size (-Xmx/-Xms)
#   Decrease number of Java threads
#   Decrease Java thread stack sizes (-Xss)
#   Set larger code cache with -XX:ReservedCodeCacheSize=
#   JVM is running with Unscaled Compressed Oops mode in which the Java heap is
#     placed in the first 4GB address space. The Java Heap base address is the
#     maximum limit for the native heap growth. Please use -XX:HeapBaseMinAddress
#     to set the Java Heap base and to place the Java Heap above 4GB virtual address.
# This output file may be truncated or incomplete.
#
#  Out of Memory Error (./src/hotspot/share/memory/arena.cpp:197), pid=9020, tid=7160
#
# JRE version: OpenJDK Runtime Environment (11.0.10) (build 11.0.10+0-b96-7249189)
# Java VM: OpenJDK 64-Bit Server VM (11.0.10+0-b96-7249189, mixed mode, tiered, compressed oops, g1 gc, windows-amd64)
# No core dump will be written. Minidumps are not enabled by default on client versions of Windows
#

---------------  S U M M A R Y ------------

Command Line: --add-opens=java.base/java.util=ALL-UNNAMED --add-opens=java.base/java.lang=ALL-UNNAMED --add-opens=java.base/java.lang.invoke=ALL-UNNAMED --add-opens=java.base/java.util=ALL-UNNAMED --add-opens=java.prefs/java.util.prefs=ALL-UNNAMED --add-opens=java.prefs/java.util.prefs=ALL-UNNAMED --add-opens=java.base/java.nio.charset=ALL-UNNAMED --add-opens=java.base/java.net=ALL-UNNAMED --add-opens=java.base/java.util.concurrent.atomic=ALL-UNNAMED -Xmx2048m -Dfile.encoding=UTF-8 -Duser.country=ID -Duser.language=en -Duser.variant org.gradle.launcher.daemon.bootstrap.GradleDaemon 7.0.2

Host: Intel(R) Core(TM) i5-6200U CPU @ 2.30GHz, 4 cores, 7G,  Windows 10 , 64 bit Build 19041 (10.0.19041.1151)
Time: Fri Sep 17 17:45:11 2021 SE Asia Standard Time elapsed time: 5595.458000 seconds (0d 1h 33m 15s)

---------------  T H R E A D  ---------------

Current thread (0x00000292409f1000):  JavaThread "C2 CompilerThread0" daemon [_thread_in_native, id=7160, stack(0x000000e9fd300000,0x000000e9fd400000)]


Current CompileTask:
C2:5595458 24314       4       org.gradle.internal.instantiation.generator.AbstractClassGenerator::inspectType (560 bytes)

Stack: [0x000000e9fd300000,0x000000e9fd400000]
Native frames: (J=compiled Java code, j=interpreted, Vv=VM code, C=native code)
V  [jvm.dll+0x5ecfaa]
V  [jvm.dll+0x722bd5]
V  [jvm.dll+0x72412d]
V  [jvm.dll+0x7247e3]
V  [jvm.dll+0x242928]
V  [jvm.dll+0xbc4fc]
V  [jvm.dll+0xbca0c]
V  [jvm.dll+0x505fe1]
V  [jvm.dll+0x1fccf6]
V  [jvm.dll+0x1fa77f]
V  [jvm.dll+0x18354c]
V  [jvm.dll+0x208ee7]
V  [jvm.dll+0x207731]
V  [jvm.dll+0x6eb1cf]
V  [jvm.dll+0x6e3d45]
V  [jvm.dll+0x5ebe96]
C  [ucrtbase.dll+0x21bb2]
C  [KERNEL32.DLL+0x17034]
C  [ntdll.dll+0x52651]


---------------  P R O C E S S  ---------------

Threads class SMR info:
_java_thread_list=0x000002924a189af0, length=55, elements={
0x000002922666b000, 0x00000292409ca800, 0x00000292409d0800, 0x0000029241362800,
0x00000292409e7800, 0x00000292409eb000, 0x00000292409f1000, 0x00000292409f5000,
0x00000292409fa800, 0x00000292414b5800, 0x0000029242865000, 0x0000029241563000,
0x000002924321b000, 0x0000029242e04800, 0x0000029242e06800, 0x0000029242e09000,
0x0000029242e03000, 0x0000029242e09800, 0x0000029242e05800, 0x0000029242e07000,
0x00000292416af000, 0x00000292416ab800, 0x00000292416aa000, 0x00000292416b3000,
0x0000029244907000, 0x0000029244903000, 0x00000292416a9000, 0x00000292416ac800,
0x00000292416b6000, 0x00000292416b3800, 0x00000292416b7000, 0x00000292416b8000,
0x00000292416b4800, 0x000002924490a800, 0x0000029244906000, 0x0000029244904800,
0x000002924490b000, 0x0000029244905800, 0x000002924490c000, 0x000002924490c800,
0x000002924490d800, 0x000002924490e800, 0x000002924490f000, 0x0000029244909800,
0x0000029244910000, 0x0000029244911800, 0x0000029244911000, 0x0000029242e04000,
0x0000029242e08000, 0x0000029248584000, 0x0000029248587800, 0x0000029248586000,
0x0000029248586800, 0x0000029248588000, 0x0000029248585000
}

Java Threads: ( => current thread )
  0x000002922666b000 JavaThread "main" [_thread_blocked, id=2548, stack(0x000000e9fc700000,0x000000e9fc800000)]
  0x00000292409ca800 JavaThread "Reference Handler" daemon [_thread_blocked, id=7920, stack(0x000000e9fce00000,0x000000e9fcf00000)]
  0x00000292409d0800 JavaThread "Finalizer" daemon [_thread_blocked, id=4784, stack(0x000000e9fcf00000,0x000000e9fd000000)]
  0x0000029241362800 JavaThread "Signal Dispatcher" daemon [_thread_blocked, id=8056, stack(0x000000e9fd000000,0x000000e9fd100000)]
  0x00000292409e7800 JavaThread "Attach Listener" daemon [_thread_blocked, id=2740, stack(0x000000e9fd100000,0x000000e9fd200000)]
  0x00000292409eb000 JavaThread "Service Thread" daemon [_thread_blocked, id=6280, stack(0x000000e9fd200000,0x000000e9fd300000)]
=>0x00000292409f1000 JavaThread "C2 CompilerThread0" daemon [_thread_in_native, id=7160, stack(0x000000e9fd300000,0x000000e9fd400000)]
  0x00000292409f5000 JavaThread "C1 CompilerThread0" daemon [_thread_blocked, id=11184, stack(0x000000e9fd400000,0x000000e9fd500000)]
  0x00000292409fa800 JavaThread "Sweeper thread" daemon [_thread_blocked, id=4756, stack(0x000000e9fd500000,0x000000e9fd600000)]
  0x00000292414b5800 JavaThread "Common-Cleaner" daemon [_thread_blocked, id=3904, stack(0x000000e9fd600000,0x000000e9fd700000)]
  0x0000029242865000 JavaThread "Daemon health stats" [_thread_blocked, id=1268, stack(0x000000e9fdb00000,0x000000e9fdc00000)]
  0x0000029241563000 JavaThread "Incoming local TCP Connector on port 51875" [_thread_in_native, id=4328, stack(0x000000e9fd800000,0x000000e9fd900000)]
  0x000002924321b000 JavaThread "Daemon periodic checks" [_thread_blocked, id=6040, stack(0x000000e9fdc00000,0x000000e9fdd00000)]
  0x0000029242e04800 JavaThread "Cache worker for file hash cache (C:\Users\Tio\.gradle\caches\7.0.2\fileHashes)" [_thread_blocked, id=7488, stack(0x000000e9fe500000,0x000000e9fe600000)]
  0x0000029242e06800 JavaThread "File lock request listener" [_thread_in_native, id=3572, stack(0x000000e9fe600000,0x000000e9fe700000)]
  0x0000029242e09000 JavaThread "Cache worker for journal cache (C:\Users\Tio\.gradle\caches\journal-1)" [_thread_blocked, id=10860, stack(0x000000e9fe700000,0x000000e9fe800000)]
  0x0000029242e03000 JavaThread "File watcher server" daemon [_thread_in_native, id=10832, stack(0x000000e9fea00000,0x000000e9feb00000)]
  0x0000029242e09800 JavaThread "File watcher consumer" daemon [_thread_blocked, id=5888, stack(0x000000e9feb00000,0x000000e9fec00000)]
  0x0000029242e05800 JavaThread "jar transforms" [_thread_blocked, id=1860, stack(0x000000e9fec00000,0x000000e9fed00000)]
  0x0000029242e07000 JavaThread "jar transforms Thread 2" [_thread_blocked, id=10800, stack(0x000000e9fed00000,0x000000e9fee00000)]
  0x00000292416af000 JavaThread "jar transforms Thread 3" [_thread_blocked, id=9464, stack(0x000000e9fee00000,0x000000e9fef00000)]
  0x00000292416ab800 JavaThread "jar transforms Thread 4" [_thread_blocked, id=7764, stack(0x000000e9fef00000,0x000000e9ff000000)]
  0x00000292416aa000 JavaThread "Cache worker for execution history cache (C:\Users\Tio\.gradle\caches\7.0.2\executionHistory)" [_thread_blocked, id=1908, stack(0x000000e9ff200000,0x000000e9ff300000)]
  0x00000292416b3000 JavaThread "Cache worker for file content cache (C:\Users\Tio\.gradle\caches\7.0.2\fileContent)" [_thread_blocked, id=10252, stack(0x000000e9ff400000,0x000000e9ff500000)]
  0x0000029244907000 JavaThread "Memory manager" [_thread_blocked, id=7000, stack(0x000000e9ffb00000,0x000000e9ffc00000)]
  0x0000029244903000 JavaThread "pool-3-thread-1" [_thread_blocked, id=8144, stack(0x000000e9ffc00000,0x000000e9ffd00000)]
  0x00000292416a9000 JavaThread "pool-6-thread-1" [_thread_blocked, id=8456, stack(0x000000e9ff800000,0x000000e9ff900000)]
  0x00000292416ac800 JavaThread "Daemon Thread 2" [_thread_blocked, id=5008, stack(0x000000e9fc400000,0x000000e9fc500000)]
  0x00000292416b6000 JavaThread "Handler for socket connection from /127.0.0.1:51875 to /127.0.0.1:52765" [_thread_in_native, id=9504, stack(0x000000e9fc500000,0x000000e9fc600000)]
  0x00000292416b3800 JavaThread "Cancel handler" [_thread_blocked, id=7028, stack(0x000000e9fc600000,0x000000e9fc700000)]
  0x00000292416b7000 JavaThread "Daemon worker Thread 2" [_thread_in_Java, id=4368, stack(0x000000e9fdd00000,0x000000e9fde00000)]
  0x00000292416b8000 JavaThread "Asynchronous log dispatcher for DefaultDaemonConnection: socket connection from /127.0.0.1:51875 to /127.0.0.1:52765" [_thread_blocked, id=3836, stack(0x000000e9fde00000,0x000000e9fdf00000)]
  0x00000292416b4800 JavaThread "Stdin handler" [_thread_blocked, id=9452, stack(0x000000e9fdf00000,0x000000e9fe000000)]
  0x000002924490a800 JavaThread "Daemon client event forwarder" [_thread_blocked, id=5772, stack(0x000000e9fe000000,0x000000e9fe100000)]
  0x0000029244906000 JavaThread "Cache worker for file hash cache (F:\Android Studtio\SAMPATA\.gradle\7.0.2\fileHashes)" [_thread_blocked, id=10444, stack(0x000000e9fe100000,0x000000e9fe200000)]
  0x0000029244904800 JavaThread "Cache worker for checksums cache (F:\Android Studtio\SAMPATA\.gradle\checksums)" [_thread_blocked, id=9784, stack(0x000000e9fe300000,0x000000e9fe400000)]
  0x000002924490b000 JavaThread "Cache worker for cache directory md-supplier (C:\Users\Tio\.gradle\caches\7.0.2\md-supplier)" [_thread_blocked, id=1096, stack(0x000000e9fe800000,0x000000e9fe900000)]
  0x0000029244905800 JavaThread "Cache worker for cache directory md-rule (C:\Users\Tio\.gradle\caches\7.0.2\md-rule)" [_thread_blocked, id=1676, stack(0x000000e9fe900000,0x000000e9fea00000)]
  0x000002924490c000 JavaThread "Cache worker for dependencies-accessors (F:\Android Studtio\SAMPATA\.gradle\7.0.2\dependencies-accessors)" [_thread_blocked, id=6072, stack(0x000000e9fe200000,0x000000e9fe300000)]
  0x000002924490c800 JavaThread "Cache worker for Build Output Cleanup Cache (F:\Android Studtio\SAMPATA\.gradle\buildOutputCleanup)" [_thread_blocked, id=1808, stack(0x000000e9ff000000,0x000000e9ff100000)]
  0x000002924490d800 JavaThread "Build operations" [_thread_blocked, id=5004, stack(0x000000e9ff300000,0x000000e9ff400000)]
  0x000002924490e800 JavaThread "Build operations Thread 2" [_thread_blocked, id=11252, stack(0x000000e9ff500000,0x000000e9ff600000)]
  0x000002924490f000 JavaThread "Build operations Thread 3" [_thread_blocked, id=10712, stack(0x000000e9ff600000,0x000000e9ff700000)]
  0x0000029244909800 JavaThread "Build operations Thread 4" [_thread_blocked, id=8808, stack(0x000000e9ff700000,0x000000e9ff800000)]
  0x0000029244910000 JavaThread "build event listener" [_thread_blocked, id=6284, stack(0x000000e9ff900000,0x000000e9ffa00000)]
  0x0000029244911800 JavaThread "pool-9-thread-1" [_thread_blocked, id=6456, stack(0x000000e9ffa00000,0x000000e9ffb00000)]
  0x0000029244911000 JavaThread "build event listener" [_thread_blocked, id=9088, stack(0x000000e9ffd00000,0x000000e9ffe00000)]
  0x0000029242e04000 JavaThread "Execution worker for ':'" [_thread_blocked, id=9004, stack(0x000000e9ffe00000,0x000000e9fff00000)]
  0x0000029242e08000 JavaThread "Execution worker for ':' Thread 2" [_thread_in_native, id=3900, stack(0x000000e9fff00000,0x000000ea00000000)]
  0x0000029248584000 JavaThread "Execution worker for ':' Thread 3" [_thread_blocked, id=9176, stack(0x000000e980000000,0x000000e980100000)]
  0x0000029248587800 JavaThread "Cache worker for execution history cache (F:\Android Studtio\SAMPATA\.gradle\7.0.2\executionHistory)" [_thread_blocked, id=10332, stack(0x000000e980100000,0x000000e980200000)]
  0x0000029248586000 JavaThread "WorkerExecutor Queue" [_thread_blocked, id=6196, stack(0x000000e980300000,0x000000e980400000)]
  0x0000029248586800 JavaThread "WorkerExecutor Queue Thread 2" [_thread_blocked, id=9208, stack(0x000000e980400000,0x000000e980500000)]
  0x0000029248588000 JavaThread "WorkerExecutor Queue Thread 3" [_thread_blocked, id=9432, stack(0x000000e980500000,0x000000e980600000)]
  0x0000029248585000 JavaThread "WorkerExecutor Queue Thread 4" [_thread_blocked, id=8804, stack(0x000000e980600000,0x000000e980700000)]

Other Threads:
  0x00000292409c5000 VMThread "VM Thread" [stack: 0x000000e9fcd00000,0x000000e9fce00000] [id=1568]
  0x00000292414cd000 WatcherThread [stack: 0x000000e9fd700000,0x000000e9fd800000] [id=1128]
  0x0000029226682800 GCTaskThread "GC Thread#0" [stack: 0x000000e9fc800000,0x000000e9fc900000] [id=4500]
  0x0000029241d4e800 GCTaskThread "GC Thread#1" [stack: 0x000000e9fd900000,0x000000e9fda00000] [id=6156]
  0x0000029241c88000 GCTaskThread "GC Thread#2" [stack: 0x000000e9fda00000,0x000000e9fdb00000] [id=6764]
  0x0000029243481000 GCTaskThread "GC Thread#3" [stack: 0x000000e9fe400000,0x000000e9fe500000] [id=8328]
  0x00000292266b6000 ConcurrentGCThread "G1 Main Marker" [stack: 0x000000e9fc900000,0x000000e9fca00000] [id=9312]
  0x00000292266b7000 ConcurrentGCThread "G1 Conc#0" [stack: 0x000000e9fca00000,0x000000e9fcb00000] [id=5068]
  0x0000029226747800 ConcurrentGCThread "G1 Refine#0" [stack: 0x000000e9fcb00000,0x000000e9fcc00000] [id=7356]
  0x0000029226748800 ConcurrentGCThread "G1 Young RemSet Sampling" [stack: 0x000000e9fcc00000,0x000000e9fcd00000] [id=5488]

Threads with active compile tasks:
C2 CompilerThread05595538 24314       4       org.gradle.internal.instantiation.generator.AbstractClassGenerator::inspectType (560 bytes)

VM state:not at safepoint (normal execution)

VM Mutex/Monitor currently owned by a thread: None

OutOfMemory and StackOverflow Exception counts:
OutOfMemoryError java_heap_errors=1
LinkageErrors=215

Heap address: 0x0000000080000000, size: 2048 MB, Compressed Oops mode: 32-bit
Narrow klass base: 0x0000000000000000, Narrow klass shift: 3
Compressed class space size: 1073741824 Address: 0x0000000100000000

Heap:
 garbage-first heap   total 273408K, used 163774K [0x0000000080000000, 0x0000000100000000)
  region size 1024K, 20 young (20480K), 6 survivors (6144K)
 Metaspace       used 138741K, capacity 142072K, committed 142284K, reserved 1173504K
  class space    used 17129K, capacity 18389K, committed 18432K, reserved 1048576K
Heap Regions: E=young(eden), S=young(survivor), O=old, HS=humongous(starts), HC=humongous(continues), CS=collection set, F=free, A=archive, TAMS=top-at-mark-start (previous, next)
|   0|0x0000000080000000, 0x0000000080100000, 0x0000000080100000|100%| O|  |TAMS 0x0000000080100000, 0x0000000080000000| Untracked 
|   1|0x0000000080100000, 0x0000000080200000, 0x0000000080200000|100%| O|  |TAMS 0x0000000080200000, 0x0000000080100000| Complete 
|   2|0x0000000080200000, 0x0000000080300000, 0x0000000080300000|100%| O|  |TAMS 0x0000000080300000, 0x0000000080200000| Untracked 
|   3|0x0000000080300000, 0x0000000080400000, 0x0000000080400000|100%|HS|  |TAMS 0x0000000080400000, 0x0000000080300000| Complete 
|   4|0x0000000080400000, 0x0000000080500000, 0x0000000080500000|100%|HC|  |TAMS 0x0000000080500000, 0x0000000080400000| Complete 
|   5|0x0000000080500000, 0x0000000080600000, 0x0000000080600000|100%|HC|  |TAMS 0x0000000080600000, 0x0000000080500000| Complete 
|   6|0x0000000080600000, 0x0000000080700000, 0x0000000080700000|100%| O|  |TAMS 0x0000000080700000, 0x0000000080600000| Untracked 
|   7|0x0000000080700000, 0x0000000080800000, 0x0000000080800000|100%| O|  |TAMS 0x0000000080800000, 0x0000000080700000| Untracked 
|   8|0x0000000080800000, 0x0000000080900000, 0x0000000080900000|100%| O|  |TAMS 0x0000000080900000, 0x0000000080800000| Untracked 
|   9|0x0000000080900000, 0x0000000080a00000, 0x0000000080a00000|100%| O|  |TAMS 0x0000000080a00000, 0x0000000080900000| Complete 
|  10|0x0000000080a00000, 0x0000000080b00000, 0x0000000080b00000|100%| O|  |TAMS 0x0000000080b00000, 0x0000000080a00000| Untracked 
|  11|0x0000000080b00000, 0x0000000080c00000, 0x0000000080c00000|100%| O|  |TAMS 0x0000000080c00000, 0x0000000080b00000| Untracked 
|  12|0x0000000080c00000, 0x0000000080d00000, 0x0000000080d00000|100%| O|  |TAMS 0x0000000080d00000, 0x0000000080c00000| Untracked 
|  13|0x0000000080d00000, 0x0000000080e00000, 0x0000000080e00000|100%| O|  |TAMS 0x0000000080e00000, 0x0000000080d00000| Untracked 
|  14|0x0000000080e00000, 0x0000000080f00000, 0x0000000080f00000|100%| O|  |TAMS 0x0000000080f00000, 0x0000000080e00000| Complete 
|  15|0x0000000080f00000, 0x0000000081000000, 0x0000000081000000|100%| O|  |TAMS 0x0000000081000000, 0x0000000080f00000| Complete 
|  16|0x0000000081000000, 0x0000000081100000, 0x0000000081100000|100%|HS|  |TAMS 0x0000000081100000, 0x0000000081000000| Complete 
|  17|0x0000000081100000, 0x0000000081200000, 0x0000000081200000|100%|HC|  |TAMS 0x0000000081200000, 0x0000000081100000| Complete 
|  18|0x0000000081200000, 0x0000000081300000, 0x0000000081300000|100%|HS|  |TAMS 0x0000000081300000, 0x0000000081200000| Complete 
|  19|0x0000000081300000, 0x0000000081400000, 0x0000000081400000|100%|HC|  |TAMS 0x0000000081400000, 0x0000000081300000| Complete 
|  20|0x0000000081400000, 0x0000000081500000, 0x0000000081500000|100%|HC|  |TAMS 0x0000000081500000, 0x0000000081400000| Complete 
|  21|0x0000000081500000, 0x0000000081600000, 0x0000000081600000|100%|HS|  |TAMS 0x0000000081600000, 0x0000000081500000| Complete 
|  22|0x0000000081600000, 0x0000000081700000, 0x0000000081700000|100%|HC|  |TAMS 0x0000000081700000, 0x0000000081600000| Complete 
|  23|0x0000000081700000, 0x0000000081800000, 0x0000000081800000|100%|HC|  |TAMS 0x0000000081800000, 0x0000000081700000| Complete 
|  24|0x0000000081800000, 0x0000000081900000, 0x0000000081900000|100%|HC|  |TAMS 0x0000000081900000, 0x0000000081800000| Complete 
|  25|0x0000000081900000, 0x0000000081a00000, 0x0000000081a00000|100%|HC|  |TAMS 0x0000000081a00000, 0x0000000081900000| Complete 
|  26|0x0000000081a00000, 0x0000000081b00000, 0x0000000081b00000|100%| O|  |TAMS 0x0000000081b00000, 0x0000000081a00000| Complete 
|  27|0x0000000081b00000, 0x0000000081c00000, 0x0000000081c00000|100%| O|  |TAMS 0x0000000081c00000, 0x0000000081b00000| Untracked 
|  28|0x0000000081c00000, 0x0000000081d00000, 0x0000000081d00000|100%| O|  |TAMS 0x0000000081d00000, 0x0000000081c00000| Untracked 
|  29|0x0000000081d00000, 0x0000000081e00000, 0x0000000081e00000|100%| O|  |TAMS 0x0000000081e00000, 0x0000000081d00000| Complete 
|  30|0x0000000081e00000, 0x0000000081f00000, 0x0000000081f00000|100%| O|  |TAMS 0x0000000081f00000, 0x0000000081e00000| Complete 
|  31|0x0000000081f00000, 0x0000000082000000, 0x0000000082000000|100%| O|  |TAMS 0x0000000082000000, 0x0000000081f00000| Complete 
|  32|0x0000000082000000, 0x0000000082100000, 0x0000000082100000|100%|HS|  |TAMS 0x0000000082100000, 0x0000000082000000| Complete 
|  33|0x0000000082100000, 0x0000000082200000, 0x0000000082200000|100%|HC|  |TAMS 0x0000000082200000, 0x0000000082100000| Complete 
|  34|0x0000000082200000, 0x0000000082300000, 0x0000000082300000|100%|HC|  |TAMS 0x0000000082300000, 0x0000000082200000| Complete 
|  35|0x0000000082300000, 0x0000000082400000, 0x0000000082400000|100%|HC|  |TAMS 0x0000000082400000, 0x0000000082300000| Complete 
|  36|0x0000000082400000, 0x0000000082500000, 0x0000000082500000|100%|HC|  |TAMS 0x0000000082500000, 0x0000000082400000| Complete 
|  37|0x0000000082500000, 0x0000000082600000, 0x0000000082600000|100%| O|  |TAMS 0x0000000082600000, 0x0000000082500000| Complete 
|  38|0x0000000082600000, 0x0000000082700000, 0x0000000082700000|100%| O|  |TAMS 0x0000000082700000, 0x0000000082600000| Complete 
|  39|0x0000000082700000, 0x0000000082800000, 0x0000000082800000|100%| O|  |TAMS 0x0000000082800000, 0x0000000082700000| Complete 
|  40|0x0000000082800000, 0x0000000082900000, 0x0000000082900000|100%| O|  |TAMS 0x0000000082900000, 0x0000000082800000| Untracked 
|  41|0x0000000082900000, 0x0000000082a00000, 0x0000000082a00000|100%| O|  |TAMS 0x0000000082a00000, 0x0000000082900000| Complete 
|  42|0x0000000082a00000, 0x0000000082b00000, 0x0000000082b00000|100%|HS|  |TAMS 0x0000000082b00000, 0x0000000082a00000| Complete 
|  43|0x0000000082b00000, 0x0000000082c00000, 0x0000000082c00000|100%|HC|  |TAMS 0x0000000082c00000, 0x0000000082b00000| Complete 
|  44|0x0000000082c00000, 0x0000000082d00000, 0x0000000082d00000|100%|HC|  |TAMS 0x0000000082d00000, 0x0000000082c00000| Complete 
|  45|0x0000000082d00000, 0x0000000082e00000, 0x0000000082e00000|100%| O|  |TAMS 0x0000000082e00000, 0x0000000082d00000| Complete 
|  46|0x0000000082e00000, 0x0000000082f00000, 0x0000000082f00000|100%| O|  |TAMS 0x0000000082f00000, 0x0000000082e00000| Complete 
|  47|0x0000000082f00000, 0x0000000083000000, 0x0000000083000000|100%| O|  |TAMS 0x0000000083000000, 0x0000000082f00000| Complete 
|  48|0x0000000083000000, 0x0000000083100000, 0x0000000083100000|100%| O|  |TAMS 0x0000000083100000, 0x0000000083000000| Complete 
|  49|0x0000000083100000, 0x0000000083200000, 0x0000000083200000|100%| O|  |TAMS 0x0000000083200000, 0x0000000083100000| Complete 
|  50|0x0000000083200000, 0x0000000083300000, 0x0000000083300000|100%| O|  |TAMS 0x0000000083300000, 0x0000000083200000| Complete 
|  51|0x0000000083300000, 0x0000000083400000, 0x0000000083400000|100%| O|  |TAMS 0x0000000083400000, 0x0000000083300000| Untracked 
|  52|0x0000000083400000, 0x0000000083500000, 0x0000000083500000|100%| O|  |TAMS 0x0000000083500000, 0x0000000083400000| Untracked 
|  53|0x0000000083500000, 0x0000000083600000, 0x0000000083600000|100%| O|  |TAMS 0x0000000083600000, 0x0000000083500000| Complete 
|  54|0x0000000083600000, 0x0000000083700000, 0x0000000083700000|100%|HS|  |TAMS 0x0000000083700000, 0x0000000083600000| Complete 
|  55|0x0000000083700000, 0x0000000083800000, 0x0000000083800000|100%|HS|  |TAMS 0x0000000083800000, 0x0000000083700000| Complete 
|  56|0x0000000083800000, 0x0000000083900000, 0x0000000083900000|100%|HS|  |TAMS 0x0000000083900000, 0x0000000083800000| Complete 
|  57|0x0000000083900000, 0x0000000083a00000, 0x0000000083a00000|100%|HS|  |TAMS 0x0000000083a00000, 0x0000000083900000| Complete 
|  58|0x0000000083a00000, 0x0000000083b00000, 0x0000000083b00000|100%|HC|  |TAMS 0x0000000083b00000, 0x0000000083a00000| Complete 
|  59|0x0000000083b00000, 0x0000000083c00000, 0x0000000083c00000|100%|HC|  |TAMS 0x0000000083c00000, 0x0000000083b00000| Complete 
|  60|0x0000000083c00000, 0x0000000083d00000, 0x0000000083d00000|100%|HS|  |TAMS 0x0000000083d00000, 0x0000000083c00000| Complete 
|  61|0x0000000083d00000, 0x0000000083e00000, 0x0000000083e00000|100%|HC|  |TAMS 0x0000000083e00000, 0x0000000083d00000| Complete 
|  62|0x0000000083e00000, 0x0000000083f00000, 0x0000000083f00000|100%| O|  |TAMS 0x0000000083f00000, 0x0000000083e00000| Untracked 
|  63|0x0000000083f00000, 0x0000000083f00000, 0x0000000084000000|  0%| F|  |TAMS 0x0000000083f00000, 0x0000000083f00000| Untracked 
|  64|0x0000000084000000, 0x0000000084100000, 0x0000000084100000|100%| O|  |TAMS 0x0000000084100000, 0x0000000084000000| Untracked 
|  65|0x0000000084100000, 0x0000000084200000, 0x0000000084200000|100%| O|  |TAMS 0x0000000084200000, 0x0000000084100000| Complete 
|  66|0x0000000084200000, 0x0000000084300000, 0x0000000084300000|100%| O|  |TAMS 0x0000000084300000, 0x0000000084200000| Complete 
|  67|0x0000000084300000, 0x0000000084400000, 0x0000000084400000|100%| O|  |TAMS 0x0000000084400000, 0x0000000084300000| Untracked 
|  68|0x0000000084400000, 0x0000000084500000, 0x0000000084500000|100%| O|  |TAMS 0x0000000084500000, 0x0000000084400000| Untracked 
|  69|0x0000000084500000, 0x0000000084600000, 0x0000000084600000|100%| O|  |TAMS 0x0000000084600000, 0x0000000084500000| Untracked 
|  70|0x0000000084600000, 0x0000000084700000, 0x0000000084700000|100%| O|  |TAMS 0x0000000084700000, 0x0000000084600000| Complete 
|  71|0x0000000084700000, 0x0000000084800000, 0x0000000084800000|100%| O|  |TAMS 0x0000000084800000, 0x0000000084700000| Untracked 
|  72|0x0000000084800000, 0x0000000084900000, 0x0000000084900000|100%| O|  |TAMS 0x0000000084900000, 0x0000000084800000| Untracked 
|  73|0x0000000084900000, 0x0000000084a00000, 0x0000000084a00000|100%| O|  |TAMS 0x0000000084a00000, 0x0000000084900000| Complete 
|  74|0x0000000084a00000, 0x0000000084b00000, 0x0000000084b00000|100%| O|  |TAMS 0x0000000084b00000, 0x0000000084a00000| Untracked 
|  75|0x0000000084b00000, 0x0000000084c00000, 0x0000000084c00000|100%| O|  |TAMS 0x0000000084c00000, 0x0000000084b00000| Untracked 
|  76|0x0000000084c00000, 0x0000000084d00000, 0x0000000084d00000|100%| O|  |TAMS 0x0000000084d00000, 0x0000000084c00000| Untracked 
|  77|0x0000000084d00000, 0x0000000084e00000, 0x0000000084e00000|100%| O|  |TAMS 0x0000000084e00000, 0x0000000084d00000| Complete 
|  78|0x0000000084e00000, 0x0000000084f00000, 0x0000000084f00000|100%| O|  |TAMS 0x0000000084f00000, 0x0000000084e00000| Complete 
|  79|0x0000000084f00000, 0x0000000085000000, 0x0000000085000000|100%| O|  |TAMS 0x0000000085000000, 0x0000000084f00000| Complete 
|  80|0x0000000085000000, 0x000000008507ac00, 0x0000000085100000| 47%| O|  |TAMS 0x000000008507ac00, 0x0000000085000000| Untracked 
|  81|0x0000000085100000, 0x0000000085200000, 0x0000000085200000|100%| O|  |TAMS 0x0000000085200000, 0x0000000085100000| Untracked 
|  82|0x0000000085200000, 0x0000000085300000, 0x0000000085300000|100%| O|  |TAMS 0x0000000085300000, 0x0000000085200000| Complete 
|  83|0x0000000085300000, 0x0000000085400000, 0x0000000085400000|100%| O|  |TAMS 0x0000000085400000, 0x0000000085300000| Untracked 
|  84|0x0000000085400000, 0x0000000085500000, 0x0000000085500000|100%| O|  |TAMS 0x0000000085500000, 0x0000000085400000| Untracked 
|  85|0x0000000085500000, 0x0000000085600000, 0x0000000085600000|100%| O|  |TAMS 0x0000000085600000, 0x0000000085500000| Untracked 
|  86|0x0000000085600000, 0x0000000085700000, 0x0000000085700000|100%| O|  |TAMS 0x0000000085700000, 0x0000000085600000| Untracked 
|  87|0x0000000085700000, 0x0000000085800000, 0x0000000085800000|100%| O|  |TAMS 0x0000000085800000, 0x0000000085700000| Complete 
|  88|0x0000000085800000, 0x0000000085900000, 0x0000000085900000|100%| O|  |TAMS 0x0000000085900000, 0x0000000085800000| Complete 
|  89|0x0000000085900000, 0x0000000085a00000, 0x0000000085a00000|100%| O|  |TAMS 0x0000000085a00000, 0x0000000085900000| Untracked 
|  90|0x0000000085a00000, 0x0000000085b00000, 0x0000000085b00000|100%| O|  |TAMS 0x0000000085b00000, 0x0000000085a00000| Untracked 
|  91|0x0000000085b00000, 0x0000000085c00000, 0x0000000085c00000|100%| O|  |TAMS 0x0000000085c00000, 0x0000000085b00000| Complete 
|  92|0x0000000085c00000, 0x0000000085d00000, 0x0000000085d00000|100%| O|  |TAMS 0x0000000085d00000, 0x0000000085c00000| Complete 
|  93|0x0000000085d00000, 0x0000000085d00000, 0x0000000085e00000|  0%| F|  |TAMS 0x0000000085d00000, 0x0000000085d00000| Untracked 
|  94|0x0000000085e00000, 0x0000000085f00000, 0x0000000085f00000|100%| O|  |TAMS 0x0000000085f00000, 0x0000000085e00000| Untracked 
|  95|0x0000000085f00000, 0x0000000086000000, 0x0000000086000000|100%| O|  |TAMS 0x0000000086000000, 0x0000000085f00000| Untracked 
|  96|0x0000000086000000, 0x0000000086100000, 0x0000000086100000|100%| O|  |TAMS 0x0000000086100000, 0x0000000086000000| Untracked 
|  97|0x0000000086100000, 0x0000000086200000, 0x0000000086200000|100%| O|  |TAMS 0x0000000086200000, 0x0000000086100000| Complete 
|  98|0x0000000086200000, 0x0000000086300000, 0x0000000086300000|100%| O|  |TAMS 0x0000000086300000, 0x0000000086200000| Complete 
|  99|0x0000000086300000, 0x0000000086400000, 0x0000000086400000|100%| O|  |TAMS 0x0000000086400000, 0x0000000086300000| Untracked 
| 100|0x0000000086400000, 0x0000000086400000, 0x0000000086500000|  0%| F|  |TAMS 0x0000000086400000, 0x0000000086400000| Untracked 
| 101|0x0000000086500000, 0x0000000086600000, 0x0000000086600000|100%| O|  |TAMS 0x0000000086600000, 0x0000000086500000| Untracked 
| 102|0x0000000086600000, 0x0000000086700000, 0x0000000086700000|100%| O|  |TAMS 0x0000000086700000, 0x0000000086600000| Untracked 
| 103|0x0000000086700000, 0x0000000086800000, 0x0000000086800000|100%| O|  |TAMS 0x0000000086800000, 0x0000000086700000| Complete 
| 104|0x0000000086800000, 0x0000000086900000, 0x0000000086900000|100%| O|  |TAMS 0x0000000086900000, 0x0000000086800000| Complete 
| 105|0x0000000086900000, 0x0000000086a00000, 0x0000000086a00000|100%| O|  |TAMS 0x0000000086a00000, 0x0000000086900000| Complete 
| 106|0x0000000086a00000, 0x0000000086b00000, 0x0000000086b00000|100%| O|  |TAMS 0x0000000086b00000, 0x0000000086a00000| Complete 
| 107|0x0000000086b00000, 0x0000000086b00000, 0x0000000086c00000|  0%| F|  |TAMS 0x0000000086b00000, 0x0000000086b00000| Untracked 
| 108|0x0000000086c00000, 0x0000000086d00000, 0x0000000086d00000|100%| O|  |TAMS 0x0000000086d00000, 0x0000000086c00000| Complete 
| 109|0x0000000086d00000, 0x0000000086e00000, 0x0000000086e00000|100%| O|  |TAMS 0x0000000086e00000, 0x0000000086d00000| Complete 
| 110|0x0000000086e00000, 0x0000000086f00000, 0x0000000086f00000|100%| O|  |TAMS 0x0000000086f00000, 0x0000000086e00000| Complete 
| 111|0x0000000086f00000, 0x0000000086f00000, 0x0000000087000000|  0%| F|  |TAMS 0x0000000086f00000, 0x0000000086f00000| Untracked 
| 112|0x0000000087000000, 0x0000000087100000, 0x0000000087100000|100%| O|  |TAMS 0x0000000087100000, 0x0000000087000000| Untracked 
| 113|0x0000000087100000, 0x0000000087200000, 0x0000000087200000|100%| O|  |TAMS 0x0000000087200000, 0x0000000087100000| Complete 
| 114|0x0000000087200000, 0x0000000087300000, 0x0000000087300000|100%|HS|  |TAMS 0x0000000087200000, 0x0000000087200000| Complete 
| 115|0x0000000087300000, 0x0000000087400000, 0x0000000087400000|100%|HC|  |TAMS 0x0000000087300000, 0x0000000087300000| Complete 
| 116|0x0000000087400000, 0x0000000087500000, 0x0000000087500000|100%|HS|  |TAMS 0x0000000087400000, 0x0000000087400000| Complete 
| 117|0x0000000087500000, 0x0000000087600000, 0x0000000087600000|100%|HC|  |TAMS 0x0000000087500000, 0x0000000087500000| Complete 
| 118|0x0000000087600000, 0x0000000087700000, 0x0000000087700000|100%| O|  |TAMS 0x0000000087700000, 0x0000000087600000| Complete 
| 119|0x0000000087700000, 0x0000000087700000, 0x0000000087800000|  0%| F|  |TAMS 0x0000000087700000, 0x0000000087700000| Untracked 
| 120|0x0000000087800000, 0x0000000087900000, 0x0000000087900000|100%| O|  |TAMS 0x0000000087900000, 0x0000000087800000| Complete 
| 121|0x0000000087900000, 0x0000000087a00000, 0x0000000087a00000|100%| O|  |TAMS 0x0000000087a00000, 0x0000000087900000| Untracked 
| 122|0x0000000087a00000, 0x0000000087b00000, 0x0000000087b00000|100%| O|  |TAMS 0x0000000087b00000, 0x0000000087a00000| Complete 
| 123|0x0000000087b00000, 0x0000000087b00000, 0x0000000087c00000|  0%| F|  |TAMS 0x0000000087b00000, 0x0000000087b00000| Untracked 
| 124|0x0000000087c00000, 0x0000000087d00000, 0x0000000087d00000|100%| O|  |TAMS 0x0000000087d00000, 0x0000000087c00000| Complete 
| 125|0x0000000087d00000, 0x0000000087e00000, 0x0000000087e00000|100%| O|  |TAMS 0x0000000087e00000, 0x0000000087d00000| Untracked 
| 126|0x0000000087e00000, 0x0000000087f00000, 0x0000000087f00000|100%| O|  |TAMS 0x0000000087f00000, 0x0000000087e00000| Untracked 
| 127|0x0000000087f00000, 0x0000000088000000, 0x0000000088000000|100%| O|  |TAMS 0x0000000088000000, 0x0000000087f00000| Untracked 
| 128|0x0000000088000000, 0x0000000088000000, 0x0000000088100000|  0%| F|  |TAMS 0x0000000088000000, 0x0000000088000000| Untracked 
| 129|0x0000000088100000, 0x0000000088100000, 0x0000000088200000|  0%| F|  |TAMS 0x0000000088100000, 0x0000000088100000| Untracked 
| 130|0x0000000088200000, 0x0000000088300000, 0x0000000088300000|100%| O|  |TAMS 0x0000000088300000, 0x0000000088200000| Complete 
| 131|0x0000000088300000, 0x0000000088400000, 0x0000000088400000|100%| O|  |TAMS 0x0000000088400000, 0x0000000088300000| Untracked 
| 132|0x0000000088400000, 0x0000000088500000, 0x0000000088500000|100%| O|  |TAMS 0x0000000088500000, 0x0000000088400000| Untracked 
| 133|0x0000000088500000, 0x0000000088600000, 0x0000000088600000|100%| O|  |TAMS 0x0000000088600000, 0x0000000088500000| Untracked 
| 134|0x0000000088600000, 0x0000000088700000, 0x0000000088700000|100%| O|  |TAMS 0x0000000088700000, 0x0000000088600000| Untracked 
| 135|0x0000000088700000, 0x0000000088800000, 0x0000000088800000|100%| O|  |TAMS 0x0000000088800000, 0x0000000088700000| Untracked 
| 136|0x0000000088800000, 0x0000000088900000, 0x0000000088900000|100%| O|  |TAMS 0x0000000088900000, 0x0000000088800000| Untracked 
| 137|0x0000000088900000, 0x0000000088a00000, 0x0000000088a00000|100%| O|  |TAMS 0x0000000088a00000, 0x0000000088900000| Untracked 
| 138|0x0000000088a00000, 0x0000000088b00000, 0x0000000088b00000|100%| O|  |TAMS 0x0000000088b00000, 0x0000000088a00000| Untracked 
| 139|0x0000000088b00000, 0x0000000088c00000, 0x0000000088c00000|100%| O|  |TAMS 0x0000000088c00000, 0x0000000088b00000| Untracked 
| 140|0x0000000088c00000, 0x0000000088d00000, 0x0000000088d00000|100%| O|  |TAMS 0x0000000088d00000, 0x0000000088c00000| Untracked 
| 141|0x0000000088d00000, 0x0000000088e00000, 0x0000000088e00000|100%| O|  |TAMS 0x0000000088e00000, 0x0000000088d00000| Untracked 
| 142|0x0000000088e00000, 0x0000000088f00000, 0x0000000088f00000|100%| O|  |TAMS 0x0000000088f00000, 0x0000000088e00000| Complete 
| 143|0x0000000088f00000, 0x0000000089000000, 0x0000000089000000|100%| O|  |TAMS 0x0000000089000000, 0x0000000088f00000| Complete 
| 144|0x0000000089000000, 0x0000000089100000, 0x0000000089100000|100%| O|  |TAMS 0x0000000089100000, 0x0000000089000000| Complete 
| 145|0x0000000089100000, 0x0000000089200000, 0x0000000089200000|100%| O|  |TAMS 0x0000000089200000, 0x0000000089100000| Complete 
| 146|0x0000000089200000, 0x0000000089300000, 0x0000000089300000|100%| O|  |TAMS 0x0000000089300000, 0x0000000089200000| Complete 
| 147|0x0000000089300000, 0x0000000089400000, 0x0000000089400000|100%| O|  |TAMS 0x0000000089400000, 0x0000000089300000| Untracked 
| 148|0x0000000089400000, 0x0000000089500000, 0x0000000089500000|100%| O|  |TAMS 0x0000000089500000, 0x0000000089400000| Untracked 
| 149|0x0000000089500000, 0x0000000089600000, 0x0000000089600000|100%| O|  |TAMS 0x0000000089600000, 0x0000000089500000| Complete 
| 150|0x0000000089600000, 0x0000000089700000, 0x0000000089700000|100%| O|  |TAMS 0x0000000089700000, 0x0000000089600000| Untracked 
| 151|0x0000000089700000, 0x0000000089700000, 0x0000000089800000|  0%| F|  |TAMS 0x0000000089700000, 0x0000000089700000| Untracked 
| 152|0x0000000089800000, 0x0000000089800000, 0x0000000089900000|  0%| F|  |TAMS 0x0000000089800000, 0x0000000089800000| Untracked 
| 153|0x0000000089900000, 0x0000000089900000, 0x0000000089a00000|  0%| F|  |TAMS 0x0000000089900000, 0x0000000089900000| Untracked 
| 154|0x0000000089a00000, 0x0000000089a00000, 0x0000000089b00000|  0%| F|  |TAMS 0x0000000089a00000, 0x0000000089a00000| Untracked 
| 155|0x0000000089b00000, 0x0000000089b00000, 0x0000000089c00000|  0%| F|  |TAMS 0x0000000089b00000, 0x0000000089b00000| Untracked 
| 156|0x0000000089c00000, 0x0000000089c00000, 0x0000000089d00000|  0%| F|  |TAMS 0x0000000089c00000, 0x0000000089c00000| Untracked 
| 157|0x0000000089d00000, 0x0000000089d00000, 0x0000000089e00000|  0%| F|  |TAMS 0x0000000089d00000, 0x0000000089d00000| Untracked 
| 158|0x0000000089e00000, 0x0000000089e00000, 0x0000000089f00000|  0%| F|  |TAMS 0x0000000089e00000, 0x0000000089e00000| Untracked 
| 159|0x0000000089f00000, 0x0000000089f00000, 0x000000008a000000|  0%| F|  |TAMS 0x0000000089f00000, 0x0000000089f00000| Untracked 
| 160|0x000000008a000000, 0x000000008a000000, 0x000000008a100000|  0%| F|  |TAMS 0x000000008a000000, 0x000000008a000000| Untracked 
| 161|0x000000008a100000, 0x000000008a100000, 0x000000008a200000|  0%| F|  |TAMS 0x000000008a100000, 0x000000008a100000| Untracked 
| 162|0x000000008a200000, 0x000000008a200000, 0x000000008a300000|  0%| F|  |TAMS 0x000000008a200000, 0x000000008a200000| Untracked 
| 163|0x000000008a300000, 0x000000008a300000, 0x000000008a400000|  0%| F|  |TAMS 0x000000008a300000, 0x000000008a300000| Untracked 
| 164|0x000000008a400000, 0x000000008a400000, 0x000000008a500000|  0%| F|  |TAMS 0x000000008a400000, 0x000000008a400000| Untracked 
| 165|0x000000008a500000, 0x000000008a500000, 0x000000008a600000|  0%| F|  |TAMS 0x000000008a500000, 0x000000008a500000| Untracked 
| 166|0x000000008a600000, 0x000000008a600000, 0x000000008a700000|  0%| F|  |TAMS 0x000000008a600000, 0x000000008a600000| Untracked 
| 167|0x000000008a700000, 0x000000008a700000, 0x000000008a800000|  0%| F|  |TAMS 0x000000008a700000, 0x000000008a700000| Untracked 
| 168|0x000000008a800000, 0x000000008a800000, 0x000000008a900000|  0%| F|  |TAMS 0x000000008a800000, 0x000000008a800000| Untracked 
| 169|0x000000008a900000, 0x000000008a900000, 0x000000008aa00000|  0%| F|  |TAMS 0x000000008a900000, 0x000000008a900000| Untracked 
| 170|0x000000008aa00000, 0x000000008aa00000, 0x000000008ab00000|  0%| F|  |TAMS 0x000000008aa00000, 0x000000008aa00000| Untracked 
| 171|0x000000008ab00000, 0x000000008ab00000, 0x000000008ac00000|  0%| F|  |TAMS 0x000000008ab00000, 0x000000008ab00000| Untracked 
| 172|0x000000008ac00000, 0x000000008ac00000, 0x000000008ad00000|  0%| F|  |TAMS 0x000000008ac00000, 0x000000008ac00000| Untracked 
| 173|0x000000008ad00000, 0x000000008ad00000, 0x000000008ae00000|  0%| F|  |TAMS 0x000000008ad00000, 0x000000008ad00000| Untracked 
| 174|0x000000008ae00000, 0x000000008ae00000, 0x000000008af00000|  0%| F|  |TAMS 0x000000008ae00000, 0x000000008ae00000| Untracked 
| 175|0x000000008af00000, 0x000000008af00000, 0x000000008b000000|  0%| F|  |TAMS 0x000000008af00000, 0x000000008af00000| Untracked 
| 176|0x000000008b000000, 0x000000008b000000, 0x000000008b100000|  0%| F|  |TAMS 0x000000008b000000, 0x000000008b000000| Untracked 
| 177|0x000000008b100000, 0x000000008b100000, 0x000000008b200000|  0%| F|  |TAMS 0x000000008b100000, 0x000000008b100000| Untracked 
| 178|0x000000008b200000, 0x000000008b200000, 0x000000008b300000|  0%| F|  |TAMS 0x000000008b200000, 0x000000008b200000| Untracked 
| 179|0x000000008b300000, 0x000000008b300000, 0x000000008b400000|  0%| F|  |TAMS 0x000000008b300000, 0x000000008b300000| Untracked 
| 180|0x000000008b400000, 0x000000008b400000, 0x000000008b500000|  0%| F|  |TAMS 0x000000008b400000, 0x000000008b400000| Untracked 
| 181|0x000000008b500000, 0x000000008b500000, 0x000000008b600000|  0%| F|  |TAMS 0x000000008b500000, 0x000000008b500000| Untracked 
| 182|0x000000008b600000, 0x000000008b600000, 0x000000008b700000|  0%| F|  |TAMS 0x000000008b600000, 0x000000008b600000| Untracked 
| 183|0x000000008b700000, 0x000000008b700000, 0x000000008b800000|  0%| F|  |TAMS 0x000000008b700000, 0x000000008b700000| Untracked 
| 184|0x000000008b800000, 0x000000008b800000, 0x000000008b900000|  0%| F|  |TAMS 0x000000008b800000, 0x000000008b800000| Untracked 
| 185|0x000000008b900000, 0x000000008b900000, 0x000000008ba00000|  0%| F|  |TAMS 0x000000008b900000, 0x000000008b900000| Untracked 
| 186|0x000000008ba00000, 0x000000008ba00000, 0x000000008bb00000|  0%| F|  |TAMS 0x000000008ba00000, 0x000000008ba00000| Untracked 
| 187|0x000000008bb00000, 0x000000008bb00000, 0x000000008bc00000|  0%| F|  |TAMS 0x000000008bb00000, 0x000000008bb00000| Untracked 
| 188|0x000000008bc00000, 0x000000008bc00000, 0x000000008bd00000|  0%| F|  |TAMS 0x000000008bc00000, 0x000000008bc00000| Untracked 
| 189|0x000000008bd00000, 0x000000008bd00000, 0x000000008be00000|  0%| F|  |TAMS 0x000000008bd00000, 0x000000008bd00000| Untracked 
| 190|0x000000008be00000, 0x000000008be00000, 0x000000008bf00000|  0%| F|  |TAMS 0x000000008be00000, 0x000000008be00000| Untracked 
| 191|0x000000008bf00000, 0x000000008bf00000, 0x000000008c000000|  0%| F|  |TAMS 0x000000008bf00000, 0x000000008bf00000| Untracked 
| 192|0x000000008c000000, 0x000000008c000000, 0x000000008c100000|  0%| F|  |TAMS 0x000000008c000000, 0x000000008c000000| Untracked 
| 193|0x000000008c100000, 0x000000008c100000, 0x000000008c200000|  0%| F|  |TAMS 0x000000008c100000, 0x000000008c100000| Untracked 
| 194|0x000000008c200000, 0x000000008c200000, 0x000000008c300000|  0%| F|  |TAMS 0x000000008c200000, 0x000000008c200000| Untracked 
| 195|0x000000008c300000, 0x000000008c300000, 0x000000008c400000|  0%| F|  |TAMS 0x000000008c300000, 0x000000008c300000| Untracked 
| 196|0x000000008c400000, 0x000000008c400000, 0x000000008c500000|  0%| F|  |TAMS 0x000000008c400000, 0x000000008c400000| Untracked 
| 197|0x000000008c500000, 0x000000008c500000, 0x000000008c600000|  0%| F|  |TAMS 0x000000008c500000, 0x000000008c500000| Untracked 
| 198|0x000000008c600000, 0x000000008c600000, 0x000000008c700000|  0%| F|  |TAMS 0x000000008c600000, 0x000000008c600000| Untracked 
| 199|0x000000008c700000, 0x000000008c774de0, 0x000000008c800000| 45%| S|CS|TAMS 0x000000008c700000, 0x000000008c700000| Complete 
| 200|0x000000008c800000, 0x000000008c900000, 0x000000008c900000|100%| S|CS|TAMS 0x000000008c800000, 0x000000008c800000| Complete 
| 201|0x000000008c900000, 0x000000008ca00000, 0x000000008ca00000|100%| S|CS|TAMS 0x000000008c900000, 0x000000008c900000| Complete 
| 202|0x000000008ca00000, 0x000000008cb00000, 0x000000008cb00000|100%| S|CS|TAMS 0x000000008ca00000, 0x000000008ca00000| Complete 
| 203|0x000000008cb00000, 0x000000008cc00000, 0x000000008cc00000|100%| S|CS|TAMS 0x000000008cb00000, 0x000000008cb00000| Complete 
| 204|0x000000008cc00000, 0x000000008cd00000, 0x000000008cd00000|100%| S|CS|TAMS 0x000000008cc00000, 0x000000008cc00000| Complete 
| 205|0x000000008cd00000, 0x000000008cd00000, 0x000000008ce00000|  0%| F|  |TAMS 0x000000008cd00000, 0x000000008cd00000| Untracked 
| 206|0x000000008ce00000, 0x000000008ce00000, 0x000000008cf00000|  0%| F|  |TAMS 0x000000008ce00000, 0x000000008ce00000| Untracked 
| 207|0x000000008cf00000, 0x000000008cf00000, 0x000000008d000000|  0%| F|  |TAMS 0x000000008cf00000, 0x000000008cf00000| Untracked 
| 208|0x000000008d000000, 0x000000008d000000, 0x000000008d100000|  0%| F|  |TAMS 0x000000008d000000, 0x000000008d000000| Untracked 
| 209|0x000000008d100000, 0x000000008d100000, 0x000000008d200000|  0%| F|  |TAMS 0x000000008d100000, 0x000000008d100000| Untracked 
| 210|0x000000008d200000, 0x000000008d200000, 0x000000008d300000|  0%| F|  |TAMS 0x000000008d200000, 0x000000008d200000| Untracked 
| 211|0x000000008d300000, 0x000000008d300000, 0x000000008d400000|  0%| F|  |TAMS 0x000000008d300000, 0x000000008d300000| Untracked 
| 212|0x000000008d400000, 0x000000008d400000, 0x000000008d500000|  0%| F|  |TAMS 0x000000008d400000, 0x000000008d400000| Untracked 
| 213|0x000000008d500000, 0x000000008d500000, 0x000000008d600000|  0%| F|  |TAMS 0x000000008d500000, 0x000000008d500000| Untracked 
| 214|0x000000008d600000, 0x000000008d600000, 0x000000008d700000|  0%| F|  |TAMS 0x000000008d600000, 0x000000008d600000| Untracked 
| 215|0x000000008d700000, 0x000000008d700000, 0x000000008d800000|  0%| F|  |TAMS 0x000000008d700000, 0x000000008d700000| Untracked 
| 216|0x000000008d800000, 0x000000008d800000, 0x000000008d900000|  0%| F|  |TAMS 0x000000008d800000, 0x000000008d800000| Untracked 
| 217|0x000000008d900000, 0x000000008d900000, 0x000000008da00000|  0%| F|  |TAMS 0x000000008d900000, 0x000000008d900000| Untracked 
| 218|0x000000008da00000, 0x000000008da00000, 0x000000008db00000|  0%| F|  |TAMS 0x000000008da00000, 0x000000008da00000| Untracked 
| 219|0x000000008db00000, 0x000000008db00000, 0x000000008dc00000|  0%| F|  |TAMS 0x000000008db00000, 0x000000008db00000| Untracked 
| 220|0x000000008dc00000, 0x000000008dc00000, 0x000000008dd00000|  0%| F|  |TAMS 0x000000008dc00000, 0x000000008dc00000| Untracked 
| 221|0x000000008dd00000, 0x000000008dd00000, 0x000000008de00000|  0%| F|  |TAMS 0x000000008dd00000, 0x000000008dd00000| Untracked 
| 222|0x000000008de00000, 0x000000008de00000, 0x000000008df00000|  0%| F|  |TAMS 0x000000008de00000, 0x000000008de00000| Untracked 
| 223|0x000000008df00000, 0x000000008df00000, 0x000000008e000000|  0%| F|  |TAMS 0x000000008df00000, 0x000000008df00000| Untracked 
| 224|0x000000008e000000, 0x000000008e000000, 0x000000008e100000|  0%| F|  |TAMS 0x000000008e000000, 0x000000008e000000| Untracked 
| 225|0x000000008e100000, 0x000000008e100000, 0x000000008e200000|  0%| F|  |TAMS 0x000000008e100000, 0x000000008e100000| Untracked 
| 226|0x000000008e200000, 0x000000008e200000, 0x000000008e300000|  0%| F|  |TAMS 0x000000008e200000, 0x000000008e200000| Untracked 
| 227|0x000000008e300000, 0x000000008e300000, 0x000000008e400000|  0%| F|  |TAMS 0x000000008e300000, 0x000000008e300000| Untracked 
| 228|0x000000008e400000, 0x000000008e400000, 0x000000008e500000|  0%| F|  |TAMS 0x000000008e400000, 0x000000008e400000| Untracked 
| 229|0x000000008e500000, 0x000000008e500000, 0x000000008e600000|  0%| F|  |TAMS 0x000000008e500000, 0x000000008e500000| Untracked 
| 230|0x000000008e600000, 0x000000008e600000, 0x000000008e700000|  0%| F|  |TAMS 0x000000008e600000, 0x000000008e600000| Untracked 
| 231|0x000000008e700000, 0x000000008e700000, 0x000000008e800000|  0%| F|  |TAMS 0x000000008e700000, 0x000000008e700000| Untracked 
| 232|0x000000008e800000, 0x000000008e800000, 0x000000008e900000|  0%| F|  |TAMS 0x000000008e800000, 0x000000008e800000| Untracked 
| 233|0x000000008e900000, 0x000000008e900000, 0x000000008ea00000|  0%| F|  |TAMS 0x000000008e900000, 0x000000008e900000| Untracked 
| 234|0x000000008ea00000, 0x000000008ea00000, 0x000000008eb00000|  0%| F|  |TAMS 0x000000008ea00000, 0x000000008ea00000| Untracked 
| 235|0x000000008eb00000, 0x000000008eb00000, 0x000000008ec00000|  0%| F|  |TAMS 0x000000008eb00000, 0x000000008eb00000| Untracked 
| 236|0x000000008ec00000, 0x000000008ec00000, 0x000000008ed00000|  0%| F|  |TAMS 0x000000008ec00000, 0x000000008ec00000| Untracked 
| 237|0x000000008ed00000, 0x000000008ed00000, 0x000000008ee00000|  0%| F|  |TAMS 0x000000008ed00000, 0x000000008ed00000| Untracked 
| 238|0x000000008ee00000, 0x000000008ee00000, 0x000000008ef00000|  0%| F|  |TAMS 0x000000008ee00000, 0x000000008ee00000| Untracked 
| 239|0x000000008ef00000, 0x000000008ef00000, 0x000000008f000000|  0%| F|  |TAMS 0x000000008ef00000, 0x000000008ef00000| Untracked 
| 240|0x000000008f000000, 0x000000008f000000, 0x000000008f100000|  0%| F|  |TAMS 0x000000008f000000, 0x000000008f000000| Untracked 
| 241|0x000000008f100000, 0x000000008f100000, 0x000000008f200000|  0%| F|  |TAMS 0x000000008f100000, 0x000000008f100000| Untracked 
| 242|0x000000008f200000, 0x000000008f200000, 0x000000008f300000|  0%| F|  |TAMS 0x000000008f200000, 0x000000008f200000| Untracked 
| 243|0x000000008f300000, 0x000000008f300000, 0x000000008f400000|  0%| F|  |TAMS 0x000000008f300000, 0x000000008f300000| Untracked 
| 244|0x000000008f400000, 0x000000008f400000, 0x000000008f500000|  0%| F|  |TAMS 0x000000008f400000, 0x000000008f400000| Untracked 
| 245|0x000000008f500000, 0x000000008f500000, 0x000000008f600000|  0%| F|  |TAMS 0x000000008f500000, 0x000000008f500000| Untracked 
| 246|0x000000008f600000, 0x000000008f600000, 0x000000008f700000|  0%| F|  |TAMS 0x000000008f600000, 0x000000008f600000| Untracked 
| 247|0x000000008f700000, 0x000000008f700000, 0x000000008f800000|  0%| F|  |TAMS 0x000000008f700000, 0x000000008f700000| Untracked 
| 248|0x000000008f800000, 0x000000008f800000, 0x000000008f900000|  0%| F|  |TAMS 0x000000008f800000, 0x000000008f800000| Untracked 
| 249|0x000000008f900000, 0x000000008f900000, 0x000000008fa00000|  0%| F|  |TAMS 0x000000008f900000, 0x000000008f900000| Untracked 
| 250|0x000000008fa00000, 0x000000008fa00000, 0x000000008fb00000|  0%| F|  |TAMS 0x000000008fa00000, 0x000000008fa00000| Untracked 
| 251|0x000000008fb00000, 0x000000008fb00000, 0x000000008fc00000|  0%| F|  |TAMS 0x000000008fb00000, 0x000000008fb00000| Untracked 
| 252|0x000000008fc00000, 0x000000008fc00000, 0x000000008fd00000|  0%| F|  |TAMS 0x000000008fc00000, 0x000000008fc00000| Untracked 
| 253|0x000000008fd00000, 0x000000008fd45830, 0x000000008fe00000| 27%| E|  |TAMS 0x000000008fd00000, 0x000000008fd00000| Complete 
| 254|0x000000008fe00000, 0x000000008ff00000, 0x000000008ff00000|100%| E|CS|TAMS 0x000000008fe00000, 0x000000008fe00000| Complete 
| 255|0x000000008ff00000, 0x0000000090000000, 0x0000000090000000|100%| E|CS|TAMS 0x000000008ff00000, 0x000000008ff00000| Complete 
| 256|0x0000000090000000, 0x0000000090100000, 0x0000000090100000|100%| E|CS|TAMS 0x0000000090000000, 0x0000000090000000| Complete 
| 257|0x0000000090100000, 0x0000000090200000, 0x0000000090200000|100%| E|CS|TAMS 0x0000000090100000, 0x0000000090100000| Complete 
| 258|0x0000000090200000, 0x0000000090300000, 0x0000000090300000|100%| E|CS|TAMS 0x0000000090200000, 0x0000000090200000| Complete 
| 259|0x0000000090300000, 0x0000000090400000, 0x0000000090400000|100%| E|CS|TAMS 0x0000000090300000, 0x0000000090300000| Complete 
| 260|0x0000000090400000, 0x0000000090500000, 0x0000000090500000|100%| E|CS|TAMS 0x0000000090400000, 0x0000000090400000| Complete 
| 261|0x0000000090500000, 0x0000000090600000, 0x0000000090600000|100%| E|CS|TAMS 0x0000000090500000, 0x0000000090500000| Complete 
| 262|0x0000000090600000, 0x0000000090700000, 0x0000000090700000|100%| E|CS|TAMS 0x0000000090600000, 0x0000000090600000| Complete 
| 263|0x0000000090700000, 0x0000000090800000, 0x0000000090800000|100%| E|CS|TAMS 0x0000000090700000, 0x0000000090700000| Complete 
| 264|0x0000000090800000, 0x0000000090900000, 0x0000000090900000|100%| E|CS|TAMS 0x0000000090800000, 0x0000000090800000| Complete 
| 265|0x0000000090900000, 0x0000000090a00000, 0x0000000090a00000|100%| E|CS|TAMS 0x0000000090900000, 0x0000000090900000| Complete 
| 266|0x0000000090a00000, 0x0000000090b00000, 0x0000000090b00000|100%| E|CS|TAMS 0x0000000090a00000, 0x0000000090a00000| Complete 

Card table byte_map: [0x0000029239b80000,0x0000029239f80000] _byte_map_base: 0x0000029239780000

Marking Bits (Prev, Next): (CMBitMap*) 0x00000292266ad680, (CMBitMap*) 0x00000292266ad648
 Prev Bits: [0x000002923c380000, 0x000002923e380000)
 Next Bits: [0x000002923a380000, 0x000002923c380000)

Polling page: 0x0000029224d30000

Metaspace:

Usage:
  Non-class:    120.78 MB capacity,   118.76 MB ( 98%) used,     1.62 MB (  1%) free+waste,   409.06 KB ( <1%) overhead. 
      Class:     17.96 MB capacity,    16.73 MB ( 93%) used,     1.06 MB (  6%) free+waste,   173.75 KB ( <1%) overhead. 
       Both:    138.74 MB capacity,   135.49 MB ( 98%) used,     2.68 MB (  2%) free+waste,   582.81 KB ( <1%) overhead. 

Virtual space:
  Non-class space:      122.00 MB reserved,     120.95 MB (>99%) committed 
      Class space:        1.00 GB reserved,      18.00 MB (  2%) committed 
             Both:        1.12 GB reserved,     138.95 MB ( 12%) committed 

Chunk freelists:
   Non-Class:  41.00 KB
       Class:  0 bytes
        Both:  41.00 KB

MaxMetaspaceSize: 17179869184.00 GB
CompressedClassSpaceSize: 1.00 GB

CodeHeap 'non-profiled nmethods': size=120064Kb used=16930Kb max_used=16930Kb free=103134Kb
 bounds [0x0000029231c20000, 0x0000029232cb0000, 0x0000029239160000]
CodeHeap 'profiled nmethods': size=120000Kb used=49224Kb max_used=49502Kb free=70775Kb
 bounds [0x000002922a6f0000, 0x000002922d850000, 0x0000029231c20000]
CodeHeap 'non-nmethods': size=5696Kb used=2371Kb max_used=2451Kb free=3324Kb
 bounds [0x000002922a160000, 0x000002922a3e0000, 0x000002922a6f0000]
 total_blobs=22582 nmethods=21577 adapters=914
 compilation: enabled
              stopped_count=0, restarted_count=0
 full_count=0

Compilation events (20 events):
Event: 5595.266 Thread 0x00000292409f5000 nmethod 24308 0x000002922b32d110 code [0x000002922b32d320, 0x000002922b32d838]
Event: 5595.266 Thread 0x00000292409f5000 24311       3       java.io.ObjectInputStream$FieldValues::<init> (20 bytes)
Event: 5595.266 Thread 0x00000292409f5000 nmethod 24311 0x000002922b323f10 code [0x000002922b3240c0, 0x000002922b324338]
Event: 5595.266 Thread 0x00000292409f5000 24312       3       java.io.ObjectStreamClass::getField (84 bytes)
Event: 5595.267 Thread 0x00000292409f5000 nmethod 24312 0x000002922b36ba90 code [0x000002922b36bd00, 0x000002922b36c698]
Event: 5595.268 Thread 0x00000292409f5000 24313       3       java.io.SerialCallbackContext::check (59 bytes)
Event: 5595.269 Thread 0x00000292409f5000 nmethod 24313 0x000002922b36ea10 code [0x000002922b36ed00, 0x000002922b36fa78]
Event: 5595.273 Thread 0x00000292409f1000 nmethod 24309 0x0000029232ca8c90 code [0x0000029232ca8e40, 0x0000029232ca93b8]
Event: 5595.273 Thread 0x00000292409f1000 24314       4       org.gradle.internal.instantiation.generator.AbstractClassGenerator::inspectType (560 bytes)
Event: 5595.309 Thread 0x00000292409f5000 24318       3       java.util.regex.Pattern$SliceU::match (99 bytes)
Event: 5595.309 Thread 0x00000292409f5000 nmethod 24318 0x000002922b34a310 code [0x000002922b34a540, 0x000002922b34ac78]
Event: 5595.333 Thread 0x00000292409f5000 24320   !   2       java.nio.file.FileTreeWalker::visit (204 bytes)
Event: 5595.334 Thread 0x00000292409f5000 nmethod 24320 0x000002922b37d890 code [0x000002922b37db80, 0x000002922b37ea98]
Event: 5595.344 Thread 0x00000292409f5000 24321       1       org.gradle.api.internal.tasks.properties.DefaultInputFilePropertySpec::isIncremental (5 bytes)
Event: 5595.344 Thread 0x00000292409f5000 nmethod 24321 0x0000029232ca9610 code [0x0000029232ca97c0, 0x0000029232ca9878]
Event: 5595.353 Thread 0x00000292409f5000 24322       1       org.gradle.execution.plan.Node::getDependencyPredecessors (5 bytes)
Event: 5595.353 Thread 0x00000292409f5000 nmethod 24322 0x0000029232ca9910 code [0x0000029232ca9ac0, 0x0000029232ca9b78]
Event: 5595.363 Thread 0x00000292409f5000 24323       3       org.gradle.api.internal.tasks.execution.ExecuteTaskBuildOperationDetails::getTask (8 bytes)
Event: 5595.363 Thread 0x00000292409f5000 nmethod 24323 0x000002922b2d1290 code [0x000002922b2d1440, 0x000002922b2d1558]
Event: 5595.415 Thread 0x00000292409f5000 24324       3       java.util.HashSet::writeObject (75 bytes)

GC Heap History (20 events):
Event: 5578.005 GC heap before
{Heap before GC invocations=92 (full 0):
 garbage-first heap   total 273408K, used 187790K [0x0000000080000000, 0x0000000100000000)
  region size 1024K, 41 young (41984K), 1 survivors (1024K)
 Metaspace       used 137890K, capacity 141082K, committed 141132K, reserved 1171456K
  class space    used 17055K, capacity 18286K, committed 18304K, reserved 1048576K
}
Event: 5578.012 GC heap after
{Heap after GC invocations=93 (full 0):
 garbage-first heap   total 273408K, used 149586K [0x0000000080000000, 0x0000000100000000)
  region size 1024K, 3 young (3072K), 3 survivors (3072K)
 Metaspace       used 137890K, capacity 141082K, committed 141132K, reserved 1171456K
  class space    used 17055K, capacity 18286K, committed 18304K, reserved 1048576K
}
Event: 5579.874 GC heap before
{Heap before GC invocations=94 (full 0):
 garbage-first heap   total 273408K, used 223314K [0x0000000080000000, 0x0000000100000000)
  region size 1024K, 74 young (75776K), 3 survivors (3072K)
 Metaspace       used 138168K, capacity 141404K, committed 141516K, reserved 1173504K
  class space    used 17089K, capacity 18364K, committed 18432K, reserved 1048576K
}
Event: 5579.882 GC heap after
{Heap after GC invocations=95 (full 0):
 garbage-first heap   total 273408K, used 148515K [0x0000000080000000, 0x0000000100000000)
  region size 1024K, 2 young (2048K), 2 survivors (2048K)
 Metaspace       used 138168K, capacity 141404K, committed 141516K, reserved 1173504K
  class space    used 17089K, capacity 18364K, committed 18432K, reserved 1048576K
}
Event: 5580.128 GC heap before
{Heap before GC invocations=95 (full 0):
 garbage-first heap   total 273408K, used 159779K [0x0000000080000000, 0x0000000100000000)
  region size 1024K, 13 young (13312K), 2 survivors (2048K)
 Metaspace       used 138168K, capacity 141404K, committed 141516K, reserved 1173504K
  class space    used 17089K, capacity 18364K, committed 18432K, reserved 1048576K
}
Event: 5580.137 GC heap after
{Heap after GC invocations=96 (full 0):
 garbage-first heap   total 273408K, used 147636K [0x0000000080000000, 0x0000000100000000)
  region size 1024K, 1 young (1024K), 1 survivors (1024K)
 Metaspace       used 138168K, capacity 141404K, committed 141516K, reserved 1173504K
  class space    used 17089K, capacity 18364K, committed 18432K, reserved 1048576K
}
Event: 5582.333 GC heap before
{Heap before GC invocations=96 (full 0):
 garbage-first heap   total 273408K, used 225460K [0x0000000080000000, 0x0000000100000000)
  region size 1024K, 77 young (78848K), 1 survivors (1024K)
 Metaspace       used 138172K, capacity 141405K, committed 141516K, reserved 1173504K
  class space    used 17089K, capacity 18364K, committed 18432K, reserved 1048576K
}
Event: 5582.340 GC heap after
{Heap after GC invocations=97 (full 0):
 garbage-first heap   total 273408K, used 148692K [0x0000000080000000, 0x0000000100000000)
  region size 1024K, 2 young (2048K), 2 survivors (2048K)
 Metaspace       used 138172K, capacity 141405K, committed 141516K, reserved 1173504K
  class space    used 17089K, capacity 18364K, committed 18432K, reserved 1048576K
}
Event: 5584.042 GC heap before
{Heap before GC invocations=98 (full 0):
 garbage-first heap   total 273408K, used 227540K [0x0000000080000000, 0x0000000100000000)
  region size 1024K, 79 young (80896K), 2 survivors (2048K)
 Metaspace       used 138184K, capacity 141405K, committed 141516K, reserved 1173504K
  class space    used 17089K, capacity 18364K, committed 18432K, reserved 1048576K
}
Event: 5584.049 GC heap after
{Heap after GC invocations=99 (full 0):
 garbage-first heap   total 273408K, used 148437K [0x0000000080000000, 0x0000000100000000)
  region size 1024K, 2 young (2048K), 2 survivors (2048K)
 Metaspace       used 138184K, capacity 141405K, committed 141516K, reserved 1173504K
  class space    used 17089K, capacity 18364K, committed 18432K, reserved 1048576K
}
Event: 5584.324 GC heap before
{Heap before GC invocations=99 (full 0):
 garbage-first heap   total 273408K, used 159701K [0x0000000080000000, 0x0000000100000000)
  region size 1024K, 13 young (13312K), 2 survivors (2048K)
 Metaspace       used 138184K, capacity 141405K, committed 141516K, reserved 1173504K
  class space    used 17089K, capacity 18364K, committed 18432K, reserved 1048576K
}
Event: 5584.374 GC heap after
{Heap after GC invocations=100 (full 0):
 garbage-first heap   total 273408K, used 141937K [0x0000000080000000, 0x0000000100000000)
  region size 1024K, 2 young (2048K), 2 survivors (2048K)
 Metaspace       used 138184K, capacity 141405K, committed 141516K, reserved 1173504K
  class space    used 17089K, capacity 18364K, committed 18432K, reserved 1048576K
}
Event: 5585.795 GC heap before
{Heap before GC invocations=100 (full 0):
 garbage-first heap   total 273408K, used 224881K [0x0000000080000000, 0x0000000100000000)
  region size 1024K, 83 young (84992K), 2 survivors (2048K)
 Metaspace       used 138198K, capacity 141472K, committed 141772K, reserved 1173504K
  class space    used 17089K, capacity 18365K, committed 18432K, reserved 1048576K
}
Event: 5585.806 GC heap after
{Heap after GC invocations=101 (full 0):
 garbage-first heap   total 273408K, used 142715K [0x0000000080000000, 0x0000000100000000)
  region size 1024K, 2 young (2048K), 2 survivors (2048K)
 Metaspace       used 138198K, capacity 141472K, committed 141772K, reserved 1173504K
  class space    used 17089K, capacity 18365K, committed 18432K, reserved 1048576K
}
Event: 5586.969 GC heap before
{Heap before GC invocations=102 (full 0):
 garbage-first heap   total 273408K, used 227707K [0x0000000080000000, 0x0000000100000000)
  region size 1024K, 85 young (87040K), 2 survivors (2048K)
 Metaspace       used 138214K, capacity 141485K, committed 141772K, reserved 1173504K
  class space    used 17092K, capacity 18370K, committed 18432K, reserved 1048576K
}
Event: 5586.978 GC heap after
{Heap after GC invocations=103 (full 0):
 garbage-first heap   total 273408K, used 143262K [0x0000000080000000, 0x0000000100000000)
  region size 1024K, 3 young (3072K), 3 survivors (3072K)
 Metaspace       used 138214K, capacity 141485K, committed 141772K, reserved 1173504K
  class space    used 17092K, capacity 18370K, committed 18432K, reserved 1048576K
}
Event: 5587.110 GC heap before
{Heap before GC invocations=103 (full 0):
 garbage-first heap   total 273408K, used 153502K [0x0000000080000000, 0x0000000100000000)
  region size 1024K, 13 young (13312K), 3 survivors (3072K)
 Metaspace       used 138214K, capacity 141485K, committed 141772K, reserved 1173504K
  class space    used 17092K, capacity 18370K, committed 18432K, reserved 1048576K
}
Event: 5587.128 GC heap after
{Heap after GC invocations=104 (full 0):
 garbage-first heap   total 273408K, used 142137K [0x0000000080000000, 0x0000000100000000)
  region size 1024K, 2 young (2048K), 2 survivors (2048K)
 Metaspace       used 138214K, capacity 141485K, committed 141772K, reserved 1173504K
  class space    used 17092K, capacity 18370K, committed 18432K, reserved 1048576K
}
Event: 5590.124 GC heap before
{Heap before GC invocations=104 (full 0):
 garbage-first heap   total 273408K, used 201529K [0x0000000080000000, 0x0000000100000000)
  region size 1024K, 62 young (63488K), 2 survivors (2048K)
 Metaspace       used 138395K, capacity 141675K, committed 141772K, reserved 1173504K
  class space    used 17095K, capacity 18375K, committed 18432K, reserved 1048576K
}
Event: 5590.150 GC heap after
{Heap after GC invocations=105 (full 0):
 garbage-first heap   total 273408K, used 146366K [0x0000000080000000, 0x0000000100000000)
  region size 1024K, 6 young (6144K), 6 survivors (6144K)
 Metaspace       used 138395K, capacity 141675K, committed 141772K, reserved 1173504K
  class space    used 17095K, capacity 18375K, committed 18432K, reserved 1048576K
}

Deoptimization events (20 events):
Event: 5595.277 Thread 0x0000029242e08000 Uncommon trap: trap_request=0xffffffde fr.pc=0x000002923267172c relative=0x000000000000056c
Event: 5595.277 Thread 0x0000029242e08000 Uncommon trap: reason=class_check action=maybe_recompile pc=0x000002923267172c method=org.gradle.internal.snapshot.LargeChildMap.withNode(Lorg/gradle/internal/snapshot/VfsRelativePath;Lorg/gradle/internal/snapshot/CaseSensitivity;Lorg/gradle/internal/snap
Event: 5595.277 Thread 0x0000029242e08000 DEOPT PACKING pc=0x000002923267172c sp=0x000000e9ffffcf80
Event: 5595.278 Thread 0x0000029242e08000 DEOPT UNPACKING pc=0x000002922a1878af sp=0x000000e9ffffcf40 mode 2
Event: 5595.286 Thread 0x0000029242e08000 Uncommon trap: trap_request=0xffffff4d fr.pc=0x000002923227ce94 relative=0x0000000000000574
Event: 5595.286 Thread 0x0000029242e08000 Uncommon trap: reason=unstable_if action=reinterpret pc=0x000002923227ce94 method=org.gradle.internal.snapshot.VfsRelativePath.lengthOfCommonPrefix(Ljava/lang/String;Lorg/gradle/internal/snapshot/CaseSensitivity;)I @ 107 c2
Event: 5595.286 Thread 0x0000029242e08000 DEOPT PACKING pc=0x000002923227ce94 sp=0x000000e9ffffd170
Event: 5595.286 Thread 0x0000029242e08000 DEOPT UNPACKING pc=0x000002922a1878af sp=0x000000e9ffffd0f8 mode 2
Event: 5595.286 Thread 0x0000029242e08000 Uncommon trap: trap_request=0xffffff4d fr.pc=0x00000292327a3104 relative=0x0000000000002084
Event: 5595.286 Thread 0x0000029242e08000 Uncommon trap: reason=unstable_if action=reinterpret pc=0x00000292327a3104 method=org.gradle.internal.snapshot.ChildMap$Entry.handlePath(Lorg/gradle/internal/snapshot/VfsRelativePath;Lorg/gradle/internal/snapshot/CaseSensitivity;Lorg/gradle/internal/snaps
Event: 5595.286 Thread 0x0000029242e08000 DEOPT PACKING pc=0x00000292327a3104 sp=0x000000e9ffffd1d0
Event: 5595.286 Thread 0x0000029242e08000 DEOPT UNPACKING pc=0x000002922a1878af sp=0x000000e9ffffd110 mode 2
Event: 5595.297 Thread 0x0000029248586800 Uncommon trap: trap_request=0xffffffbe fr.pc=0x00000292327e9d30 relative=0x0000000000000fb0
Event: 5595.297 Thread 0x0000029248586800 Uncommon trap: reason=profile_predicate action=maybe_recompile pc=0x00000292327e9d30 method=java.util.regex.Pattern$CharPropertyGreedy.match(Ljava/util/regex/Matcher;ILjava/lang/CharSequence;)Z @ 12 c2
Event: 5595.297 Thread 0x0000029248586800 DEOPT PACKING pc=0x00000292327e9d30 sp=0x000000e9804fe0f0
Event: 5595.299 Thread 0x0000029248586800 DEOPT UNPACKING pc=0x000002922a1878af sp=0x000000e9804fe080 mode 2
Event: 5595.303 Thread 0x0000029248586800 Uncommon trap: trap_request=0xffffffbe fr.pc=0x00000292327e9d30 relative=0x0000000000000fb0
Event: 5595.303 Thread 0x0000029248586800 Uncommon trap: reason=profile_predicate action=maybe_recompile pc=0x00000292327e9d30 method=java.util.regex.Pattern$CharPropertyGreedy.match(Ljava/util/regex/Matcher;ILjava/lang/CharSequence;)Z @ 12 c2
Event: 5595.303 Thread 0x0000029248586800 DEOPT PACKING pc=0x00000292327e9d30 sp=0x000000e9804fe0f0
Event: 5595.308 Thread 0x0000029248586800 DEOPT UNPACKING pc=0x000002922a1878af sp=0x000000e9804fe080 mode 2

Classes redefined (0 events):
No events

Internal exceptions (20 events):
Event: 5562.920 Thread 0x00000292416b7000 Exception <a 'java/lang/NoSuchMethodError'{0x000000008dd38a60}: 'java.lang.Object java.lang.invoke.DirectMethodHandle$Holder.invokeVirtual(java.lang.Object, java.lang.Object, int, java.lang.Object)'> (0x000000008dd38a60) thrown at [./src/hotspot/share/interpreter/linkResolver.cpp, line 773]
Event: 5562.930 Thread 0x00000292416b7000 Exception <a 'java/lang/IncompatibleClassChangeError'{0x000000008ddbc2b0}: Found class java.lang.Object, but interface was expected> (0x000000008ddbc2b0) thrown at [./src/hotspot/share/interpreter/linkResolver.cpp, line 839]
Event: 5562.948 Thread 0x00000292416b7000 Exception <a 'java/lang/IncompatibleClassChangeError'{0x000000008ddcabb8}: Found class java.lang.Object, but interface was expected> (0x000000008ddcabb8) thrown at [./src/hotspot/share/interpreter/linkResolver.cpp, line 839]
Event: 5562.980 Thread 0x000002924490e800 Exception <a 'java/lang/NoSuchMethodError'{0x000000008dcdb1f8}: 'void java.lang.invoke.DirectMethodHandle$Holder.invokeVirtual(java.lang.Object, java.lang.Object, int, java.lang.Object)'> (0x000000008dcdb1f8) thrown at [./src/hotspot/share/interpreter/linkResolver.cpp, line 773]
Event: 5563.087 Thread 0x000002924490e800 Exception <a 'java/lang/NoSuchMethodError'{0x000000008d95c270}: 'java.lang.Object java.lang.invoke.DirectMethodHandle$Holder.newInvokeSpecial(java.lang.Object, int)'> (0x000000008d95c270) thrown at [./src/hotspot/share/interpreter/linkResolver.cpp, line 773]
Event: 5563.088 Thread 0x00000292416b7000 Exception <a 'java/lang/NoSuchMethodError'{0x000000008d56aa10}: 'java.lang.Object java.lang.invoke.DirectMethodHandle$Holder.newInvokeSpecial(java.lang.Object, int)'> (0x000000008d56aa10) thrown at [./src/hotspot/share/interpreter/linkResolver.cpp, line 773]
Event: 5565.099 Thread 0x00000292416b7000 Exception <a 'java/lang/NoSuchMethodError'{0x000000008fa012a8}: 'java.lang.Object java.lang.invoke.DirectMethodHandle$Holder.invokeInterface(java.lang.Object, java.lang.Object, int)'> (0x000000008fa012a8) thrown at [./src/hotspot/share/interpreter/linkResolver.cpp, line 773]
Event: 5567.915 Thread 0x000002924490e800 Exception <a 'java/lang/NoSuchMethodError'{0x000000008e58d858}: 'int java.lang.invoke.DirectMethodHandle$Holder.invokeInterface(java.lang.Object, java.lang.Object, int)'> (0x000000008e58d858) thrown at [./src/hotspot/share/interpreter/linkResolver.cpp, line 773]
Event: 5572.541 Thread 0x000002924490e800 Implicit null exception at 0x00000292329736a3 to 0x0000029232976988
Event: 5576.294 Thread 0x00000292416b7000 Exception <a 'java/lang/NoSuchMethodError'{0x000000008c4f2bd8}: 'void java.lang.invoke.DirectMethodHandle$Holder.invokeSpecial(java.lang.Object, java.lang.Object, int, java.lang.Object, java.lang.Object, java.lang.Object, java.lang.Object)'> (0x000000008c4f2bd8) thrown at [./src/hotspot/share/interpreter/linkResolver.cpp, line 773]
Event: 5576.297 Thread 0x00000292416b7000 Exception <a 'java/lang/NoSuchMethodError'{0x000000008c4ff6c8}: 'java.lang.Object java.lang.invoke.Invokers$Holder.linkToTargetMethod(java.lang.Object, int, java.lang.Object, java.lang.Object, java.lang.Object, java.lang.Object)'> (0x000000008c4ff6c8) thrown at [./src/hotspot/share/interpreter/linkResolver.cpp, line 773]
Event: 5576.299 Thread 0x00000292416b7000 Exception <a 'java/lang/NoSuchMethodError'{0x000000008c3052c0}: 'void java.lang.invoke.DirectMethodHandle$Holder.invokeSpecial(java.lang.Object, java.lang.Object, java.lang.Object, java.lang.Object, java.lang.Object, java.lang.Object, java.lang.Object, java.lang.Object, java.lang.Object)'> (0x000000008c3052c0) thrown at [./src/hotspot/share/interpreter/linkResolver.cpp, line 773]
Event: 5576.304 Thread 0x00000292416b7000 Exception <a 'java/lang/NoSuchMethodError'{0x000000008c326da0}: 'void java.lang.invoke.DirectMethodHandle$Holder.invokeStatic(java.lang.Object, java.lang.Object, java.lang.Object, java.lang.Object, java.lang.Object, java.lang.Object, java.lang.Object, java.lang.Object)'> (0x000000008c326da0) thrown at [./src/hotspot/share/interpreter/linkResolver.cpp, line 773]
Event: 5577.430 Thread 0x00000292416b7000 Exception <a 'java/lang/IncompatibleClassChangeError'{0x000000009032d310}: Found class java.lang.Object, but interface was expected> (0x000000009032d310) thrown at [./src/hotspot/share/interpreter/linkResolver.cpp, line 839]
Event: 5578.015 Thread 0x00000292416b7000 Exception <a 'java/lang/NoSuchMethodError'{0x0000000090a99f08}: 'void java.lang.invoke.DirectMethodHandle$Holder.invokeVirtual(java.lang.Object, java.lang.Object, int)'> (0x0000000090a99f08) thrown at [./src/hotspot/share/interpreter/linkResolver.cpp, line 773]
Event: 5578.775 Thread 0x00000292416b7000 Exception <a 'sun/nio/fs/WindowsException'{0x000000008f7298d8}> (0x000000008f7298d8) thrown at [./src/hotspot/share/prims/jni.cpp, line 615]
Event: 5590.673 Thread 0x000002924490e800 Implicit null exception at 0x0000029232c7d40f to 0x0000029232c7d6c8
Event: 5590.858 Thread 0x000002924490e800 Exception <a 'sun/nio/fs/WindowsException'{0x0000000090399ea8}> (0x0000000090399ea8) thrown at [./src/hotspot/share/prims/jni.cpp, line 615]
Event: 5594.432 Thread 0x00000292416b7000 Exception <a 'java/lang/NoSuchMethodError'{0x000000009001abf8}: <clinit>> (0x000000009001abf8) thrown at [./src/hotspot/share/prims/jni.cpp, line 1362]
Event: 5595.335 Thread 0x0000029248586800 Exception <a 'java/lang/OutOfMemoryError'{0x000000008fec32f8}> (0x000000008fec32f8) thrown at [./src/hotspot/share/prims/jni.cpp, line 636]

Events (20 events):
Event: 5595.198 loading class com/android/build/gradle/internal/tasks/DexMergingWorkAction$Params
Event: 5595.198 loading class com/android/build/gradle/internal/tasks/DexMergingWorkAction$Params done
Event: 5595.233 Executing VM operation: BulkRevokeBias
Event: 5595.260 Executing VM operation: BulkRevokeBias done
Event: 5595.272 loading class com/android/build/api/transform/TransformException
Event: 5595.272 loading class com/android/build/api/transform/TransformException done
Event: 5595.287 loading class com/android/builder/dexing/DexArchiveEntry
Event: 5595.287 loading class com/android/builder/dexing/DexArchiveEntry done
Event: 5595.291 loading class com/android/builder/dexing/DexArchives
Event: 5595.291 loading class com/android/builder/dexing/DexArchives done
Event: 5595.293 loading class com/android/builder/dexing/DexArchive
Event: 5595.293 loading class com/android/builder/dexing/DexArchive done
Event: 5595.299 loading class com/android/builder/dexing/DirDexArchive
Event: 5595.299 loading class com/android/builder/dexing/DirDexArchive done
Event: 5595.337 loading class org/gradle/internal/exceptions/DefaultMultiCauseException$1
Event: 5595.337 loading class org/gradle/internal/exceptions/DefaultMultiCauseException$1 done
Event: 5595.384 loading class org/gradle/internal/Try
Event: 5595.384 loading class org/gradle/internal/Try done
Event: 5595.384 loading class org/gradle/internal/execution/steps/Result
Event: 5595.384 loading class org/gradle/internal/execution/steps/Result done


Dynamic libraries:
0x00007ff6ef580000 - 0x00007ff6ef58a000 	C:\Program Files\Android\Android Studio\jre\bin\java.exe
0x00007ff9f0190000 - 0x00007ff9f0385000 	C:\Windows\SYSTEM32\ntdll.dll
0x00007ff9ee850000 - 0x00007ff9ee90d000 	C:\Windows\System32\KERNEL32.DLL
0x00007ff9edc00000 - 0x00007ff9edec9000 	C:\Windows\System32\KERNELBASE.dll
0x00007ff9ed9d0000 - 0x00007ff9edad0000 	C:\Windows\System32\ucrtbase.dll
0x00007ff9e1ab0000 - 0x00007ff9e1ac9000 	C:\Program Files\Android\Android Studio\jre\bin\jli.dll
0x00007ff9dbb00000 - 0x00007ff9dbb17000 	C:\Program Files\Android\Android Studio\jre\bin\VCRUNTIME140.dll
0x00007ff9db6d0000 - 0x00007ff9db96a000 	C:\Windows\WinSxS\amd64_microsoft.windows.common-controls_6595b64144ccf1df_6.0.19041.1110_none_60b5254171f9507e\COMCTL32.dll
0x00007ff9ee4c0000 - 0x00007ff9ee660000 	C:\Windows\System32\USER32.dll
0x00007ff9ee670000 - 0x00007ff9ee70e000 	C:\Windows\System32\msvcrt.dll
0x00007ff9ee820000 - 0x00007ff9ee84a000 	C:\Windows\System32\GDI32.dll
0x00007ff9eded0000 - 0x00007ff9edef2000 	C:\Windows\System32\win32u.dll
0x00007ff9ed8c0000 - 0x00007ff9ed9cb000 	C:\Windows\System32\gdi32full.dll
0x00007ff9edad0000 - 0x00007ff9edb6d000 	C:\Windows\System32\msvcp_win.dll
0x00007ff9ef390000 - 0x00007ff9ef3c0000 	C:\Windows\System32\IMM32.DLL
0x00007ff9c5d80000 - 0x00007ff9c5e1d000 	C:\Program Files\Android\Android Studio\jre\bin\msvcp140.dll
0x00007ff9a9650000 - 0x00007ff9aa11f000 	C:\Program Files\Android\Android Studio\jre\bin\server\jvm.dll
0x00007ff9efbb0000 - 0x00007ff9efc5c000 	C:\Windows\System32\ADVAPI32.dll
0x00007ff9ee340000 - 0x00007ff9ee3db000 	C:\Windows\System32\sechost.dll
0x00007ff9ef260000 - 0x00007ff9ef38a000 	C:\Windows\System32\RPCRT4.dll
0x00007ff9ee7b0000 - 0x00007ff9ee7b8000 	C:\Windows\System32\PSAPI.DLL
0x00007ff9e14a0000 - 0x00007ff9e14a9000 	C:\Windows\SYSTEM32\WSOCK32.dll
0x00007ff9e9410000 - 0x00007ff9e9437000 	C:\Windows\SYSTEM32\WINMM.dll
0x00007ff9efd90000 - 0x00007ff9efdfb000 	C:\Windows\System32\WS2_32.dll
0x00007ff9e3420000 - 0x00007ff9e342a000 	C:\Windows\SYSTEM32\VERSION.dll
0x00007ff9eb6f0000 - 0x00007ff9eb702000 	C:\Windows\SYSTEM32\kernel.appcore.dll
0x00007ff9caf30000 - 0x00007ff9caf41000 	C:\Program Files\Android\Android Studio\jre\bin\verify.dll
0x00007ff9d6d50000 - 0x00007ff9d6f34000 	C:\Windows\SYSTEM32\DBGHELP.DLL
0x00007ff9d69f0000 - 0x00007ff9d6a1c000 	C:\Windows\SYSTEM32\dbgcore.DLL
0x00007ff9edf50000 - 0x00007ff9edfd3000 	C:\Windows\System32\bcryptPrimitives.dll
0x00007ff9caf00000 - 0x00007ff9caf29000 	C:\Program Files\Android\Android Studio\jre\bin\java.dll
0x00007ff9dbdd0000 - 0x00007ff9dbddb000 	C:\Program Files\Android\Android Studio\jre\bin\jimage.dll
0x00007ff9c6780000 - 0x00007ff9c6798000 	C:\Program Files\Android\Android Studio\jre\bin\zip.dll
0x00007ff9ef3c0000 - 0x00007ff9efaff000 	C:\Windows\System32\SHELL32.dll
0x00007ff9eb9d0000 - 0x00007ff9ec160000 	C:\Windows\SYSTEM32\windows.storage.dll
0x00007ff9ee970000 - 0x00007ff9eecc5000 	C:\Windows\System32\combase.dll
0x00007ff9ed320000 - 0x00007ff9ed34c000 	C:\Windows\SYSTEM32\Wldp.dll
0x00007ff9efb00000 - 0x00007ff9efbae000 	C:\Windows\System32\SHCORE.dll
0x00007ff9ee910000 - 0x00007ff9ee965000 	C:\Windows\System32\shlwapi.dll
0x00007ff9ed800000 - 0x00007ff9ed81f000 	C:\Windows\SYSTEM32\profapi.dll
0x00007ff9c6760000 - 0x00007ff9c677a000 	C:\Program Files\Android\Android Studio\jre\bin\net.dll
0x00007ff9dcb00000 - 0x00007ff9dcc08000 	C:\Windows\SYSTEM32\WINHTTP.dll
0x00007ff9ed010000 - 0x00007ff9ed07a000 	C:\Windows\system32\mswsock.dll
0x00007ff9c6740000 - 0x00007ff9c6754000 	C:\Program Files\Android\Android Studio\jre\bin\nio.dll
0x00007ff9e13e0000 - 0x00007ff9e1407000 	C:\Users\Tio\.gradle\native\8bec1ad78214c89d9ad589b4d07fe93259594b29d510b10fafb7a158f7737e5d\windows-amd64\native-platform.dll
0x00007ff9b7090000 - 0x00007ff9b71cd000 	C:\Users\Tio\.gradle\native\53dbd7edfb1c66fb8903c78663c9afc45aea4f116125fa6feffd364cf09443e8\windows-amd64\native-platform-file-events.dll
0x00007ff9db9f0000 - 0x00007ff9db9fa000 	C:\Program Files\Android\Android Studio\jre\bin\management.dll
0x00007ff9db970000 - 0x00007ff9db97c000 	C:\Program Files\Android\Android Studio\jre\bin\management_ext.dll
0x00007ff9ed270000 - 0x00007ff9ed288000 	C:\Windows\SYSTEM32\CRYPTSP.dll
0x00007ff9ec930000 - 0x00007ff9ec964000 	C:\Windows\system32\rsaenh.dll
0x00007ff9edbd0000 - 0x00007ff9edbf7000 	C:\Windows\System32\bcrypt.dll
0x00007ff9ed780000 - 0x00007ff9ed7ae000 	C:\Windows\SYSTEM32\USERENV.dll
0x00007ff9ed290000 - 0x00007ff9ed29c000 	C:\Windows\SYSTEM32\CRYPTBASE.dll
0x00007ff9ecd00000 - 0x00007ff9ecd3b000 	C:\Windows\SYSTEM32\IPHLPAPI.DLL
0x00007ff9ee660000 - 0x00007ff9ee668000 	C:\Windows\System32\NSI.dll
0x00007ff9e4de0000 - 0x00007ff9e4df7000 	C:\Windows\SYSTEM32\dhcpcsvc6.DLL
0x00007ff9e5140000 - 0x00007ff9e515d000 	C:\Windows\SYSTEM32\dhcpcsvc.DLL
0x00007ff9ecd40000 - 0x00007ff9ece0c000 	C:\Windows\SYSTEM32\DNSAPI.dll
0x00007ff9c5b40000 - 0x00007ff9c5b67000 	C:\Program Files\Android\Android Studio\jre\bin\sunec.dll
0x00007ff9dc7a0000 - 0x00007ff9dc7aa000 	C:\Windows\System32\rasadhlp.dll
0x00007ff9dc0b0000 - 0x00007ff9dc12f000 	C:\Windows\System32\fwpuclnt.dll

dbghelp: loaded successfully - version: 4.0.5 - missing functions: none
symbol engine: initialized successfully - sym options: 0x614 - pdb path: .;C:\Program Files\Android\Android Studio\jre\bin;C:\Windows\SYSTEM32;C:\Windows\WinSxS\amd64_microsoft.windows.common-controls_6595b64144ccf1df_6.0.19041.1110_none_60b5254171f9507e;C:\Program Files\Android\Android Studio\jre\bin\server;C:\Users\Tio\.gradle\native\8bec1ad78214c89d9ad589b4d07fe93259594b29d510b10fafb7a158f7737e5d\windows-amd64;C:\Users\Tio\.gradle\native\53dbd7edfb1c66fb8903c78663c9afc45aea4f116125fa6feffd364cf09443e8\windows-amd64

VM Arguments:
jvm_args: --add-opens=java.base/java.util=ALL-UNNAMED --add-opens=java.base/java.lang=ALL-UNNAMED --add-opens=java.base/java.lang.invoke=ALL-UNNAMED --add-opens=java.base/java.util=ALL-UNNAMED --add-opens=java.prefs/java.util.prefs=ALL-UNNAMED --add-opens=java.prefs/java.util.prefs=ALL-UNNAMED --add-opens=java.base/java.nio.charset=ALL-UNNAMED --add-opens=java.base/java.net=ALL-UNNAMED --add-opens=java.base/java.util.concurrent.atomic=ALL-UNNAMED -Xmx2048m -Dfile.encoding=UTF-8 -Duser.country=ID -Duser.language=en -Duser.variant 
java_command: org.gradle.launcher.daemon.bootstrap.GradleDaemon 7.0.2
java_class_path (initial): C:\Users\Tio\.gradle\wrapper\dists\gradle-7.0.2-bin\857tjihv64xamwrf0h14cai3r\gradle-7.0.2\lib\gradle-launcher-7.0.2.jar
Launcher Type: SUN_STANDARD

[Global flags]
     intx CICompilerCount                          = 3                                         {product} {ergonomic}
     uint ConcGCThreads                            = 1                                         {product} {ergonomic}
     uint G1ConcRefinementThreads                  = 4                                         {product} {ergonomic}
   size_t G1HeapRegionSize                         = 1048576                                   {product} {ergonomic}
    uintx GCDrainStackTargetSize                   = 64                                        {product} {ergonomic}
   size_t InitialHeapSize                          = 134217728                                 {product} {ergonomic}
   size_t MarkStackSize                            = 4194304                                   {product} {ergonomic}
   size_t MaxHeapSize                              = 2147483648                                {product} {command line}
   size_t MaxNewSize                               = 1287651328                                {product} {ergonomic}
   size_t MinHeapDeltaBytes                        = 1048576                                   {product} {ergonomic}
    uintx NonNMethodCodeHeapSize                   = 5830732                                {pd product} {ergonomic}
    uintx NonProfiledCodeHeapSize                  = 122913754                              {pd product} {ergonomic}
    uintx ProfiledCodeHeapSize                     = 122913754                              {pd product} {ergonomic}
    uintx ReservedCodeCacheSize                    = 251658240                              {pd product} {ergonomic}
     bool SegmentedCodeCache                       = true                                      {product} {ergonomic}
     bool UseCompressedClassPointers               = true                                 {lp64_product} {ergonomic}
     bool UseCompressedOops                        = true                                 {lp64_product} {ergonomic}
     bool UseG1GC                                  = true                                      {product} {ergonomic}
     bool UseLargePagesIndividualAllocation        = false                                  {pd product} {ergonomic}

Logging:
Log output configuration:
 #0: stdout all=warning uptime,level,tags
 #1: stderr all=off uptime,level,tags

Environment Variables:
PATH=C:\Program Files (x86)\Common Files\Oracle\Java\javapath;C:\Windows\system32;C:\Windows;C:\Windows\System32\Wbem;C:\Windows\System32\WindowsPowerShell\v1.0\;C:\Windows\System32\OpenSSH\;C:\Program Files\dotnet\;C:\Program Files\Git\cmd;C:\Users\Tio\AppData\Local\Microsoft\WindowsApps;
USERNAME=Tio
OS=Windows_NT
PROCESSOR_IDENTIFIER=Intel64 Family 6 Model 78 Stepping 3, GenuineIntel



---------------  S Y S T E M  ---------------

OS: Windows 10 , 64 bit Build 19041 (10.0.19041.1151)
OS uptime: 2 days 0:34 hours

CPU:total 4 (initial active 4) (2 cores per cpu, 2 threads per core) family 6 model 78 stepping 3 microcode 0xcc, cmov, cx8, fxsr, mmx, sse, sse2, sse3, ssse3, sse4.1, sse4.2, popcnt, avx, avx2, aes, clmul, erms, 3dnowpref, lzcnt, ht, tsc, tscinvbit, bmi1, bmi2, adx, fma

Memory: 4k page, system-wide physical 8087M (90M free)
TotalPageFile size 22318M (AvailPageFile size 0M)
current process WorkingSet (physical memory assigned to process): 370M, peak: 614M
current process commit charge ("private bytes"): 678M, peak: 744M

vm_info: OpenJDK 64-Bit Server VM (11.0.10+0-b96-7249189) for windows-amd64 JRE (11.0.10+0-b96-7249189), built on Mar 31 2021 21:44:00 by "builder" with MS VC++ 14.0 (VS2015)

END.
